2025-03-28 17:35:33,528 [INFO] Activator:176 - 


2025-03-28 17:35:33,528 [INFO] Activator:177 - !SESSION log4j initialized
2025-03-28 17:35:34,702 [INFO] LogOutputStream:77 - [STDOUT_REDIRECT] 
2025-03-28 17:35:37,124 [INFO] ApplicationProperties:184 - Using Application install path: /opt/st/stm32cubeide_1.18.0/plugins/com.st.stm32cube.common.mx_6.14.0.202502271554
2025-03-28 17:35:37,133 [INFO] DbMcusXml:78 - Set database path to: /opt/st/stm32cubeide_1.18.0/plugins/com.st.stm32cube.common.mx_6.14.0.202502271554//db//mcu/
2025-03-28 17:35:37,133 [INFO] ApiDb:274 - Set plugin database path to: /opt/st/stm32cubeide_1.18.0/plugins/com.st.stm32cube.common.mx_6.14.0.202502271554//db//plugins/boardmanager/
2025-03-28 17:35:37,133 [WARN] ApiDb:259 - Overriding images path with different value:  => /opt/st/stm32cubeide_1.18.0/plugins/com.st.stm32cube.common.mx_6.14.0.202502271554//db//plugins/mcufinder/images/
2025-03-28 17:35:37,884 [WARN] ApiFinderProperties:113 - /home/lapka/.stmcufinder/plugins/mcufinder/mcu/mcuFinder.mfd doesn't exist
2025-03-28 17:35:37,884 [INFO] ApiDb:250 - Set database path to: /home/lapka/.stmcufinder/plugins/mcufinder//mcu/
2025-03-28 17:35:37,885 [INFO] DbMcusAds:125 - Set database path to: /home/lapka/.stmcufinder/plugins/mcufinder//mcu/
2025-03-28 17:35:37,886 [INFO] CrossReferenceDbSqlite:203 - Set database path to: /home/lapka/.stmcufinder/plugins/mcufinder//mcu/cs/
2025-03-28 17:35:37,944 [INFO] RulesReader:64 - Compatibility file has been processed (301 Rules)
2025-03-28 17:35:37,971 [INFO] DbMcusXml:78 - Set database path to: /opt/st/stm32cubeide_1.18.0/plugins/com.st.stm32cube.common.mx_6.14.0.202502271554//db//mcu/
2025-03-28 17:35:37,971 [INFO] ApiDb:274 - Set plugin database path to: /opt/st/stm32cubeide_1.18.0/plugins/com.st.stm32cube.common.mx_6.14.0.202502271554//db//plugins/boardmanager/
2025-03-28 17:35:37,971 [INFO] ApiDb:261 - Set plugin images path to: /opt/st/stm32cubeide_1.18.0/plugins/com.st.stm32cube.common.mx_6.14.0.202502271554//db//plugins/mcufinder/images/
2025-03-28 17:35:37,971 [WARN] DbFile:41 - Overriding database path with different value: /home/lapka/.stmcufinder/plugins/mcufinder/ => /home/lapka/.stmcufinder/plugins/mcufinder
2025-03-28 17:35:37,971 [INFO] ApiDb:250 - Set database path to: /home/lapka/.stmcufinder/plugins/mcufinder//mcu/
2025-03-28 17:35:37,971 [WARN] DbFile:41 - Overriding database path with different value: /home/lapka/.stmcufinder/plugins/mcufinder/ => /home/lapka/.stmcufinder/plugins/mcufinder
2025-03-28 17:35:37,971 [INFO] DbMcusAds:125 - Set database path to: /home/lapka/.stmcufinder/plugins/mcufinder//mcu/
2025-03-28 17:35:37,971 [WARN] DbFile:41 - Overriding database path with different value: /home/lapka/.stmcufinder/plugins/mcufinder/ => /home/lapka/.stmcufinder/plugins/mcufinder
2025-03-28 17:35:37,971 [WARN] DbFile:41 - Overriding database path with different value: /home/lapka/.stmcufinder/plugins/mcufinder/ => /home/lapka/.stmcufinder/plugins/mcufinder
2025-03-28 17:35:37,971 [INFO] CrossReferenceDbSqlite:203 - Set database path to: /home/lapka/.stmcufinder/plugins/mcufinder//mcu/cs/
2025-03-28 17:35:38,005 [INFO] MainPanel:272 - HeapMemory: 268435456
2025-03-28 17:35:38,100 [INFO] DbMcusXml:78 - Set database path to: /opt/st/stm32cubeide_1.18.0/plugins/com.st.stm32cube.common.mx_6.14.0.202502271554//db//mcu/
2025-03-28 17:35:38,100 [INFO] ApiDb:274 - Set plugin database path to: /opt/st/stm32cubeide_1.18.0/plugins/com.st.stm32cube.common.mx_6.14.0.202502271554//db//plugins/boardmanager/
2025-03-28 17:35:38,100 [INFO] ApiDb:261 - Set plugin images path to: /opt/st/stm32cubeide_1.18.0/plugins/com.st.stm32cube.common.mx_6.14.0.202502271554//db//plugins/mcufinder/images/
2025-03-28 17:35:38,100 [WARN] DbFile:41 - Overriding database path with different value: /home/lapka/.stmcufinder/plugins/mcufinder/ => /home/lapka/.stmcufinder/plugins/mcufinder
2025-03-28 17:35:38,100 [INFO] ApiDb:250 - Set database path to: /home/lapka/.stmcufinder/plugins/mcufinder//mcu/
2025-03-28 17:35:38,101 [WARN] DbFile:41 - Overriding database path with different value: /home/lapka/.stmcufinder/plugins/mcufinder/ => /home/lapka/.stmcufinder/plugins/mcufinder
2025-03-28 17:35:38,101 [INFO] DbMcusAds:125 - Set database path to: /home/lapka/.stmcufinder/plugins/mcufinder//mcu/
2025-03-28 17:35:38,101 [WARN] DbFile:41 - Overriding database path with different value: /home/lapka/.stmcufinder/plugins/mcufinder/ => /home/lapka/.stmcufinder/plugins/mcufinder
2025-03-28 17:35:38,101 [WARN] DbFile:41 - Overriding database path with different value: /home/lapka/.stmcufinder/plugins/mcufinder/ => /home/lapka/.stmcufinder/plugins/mcufinder
2025-03-28 17:35:38,101 [INFO] CrossReferenceDbSqlite:203 - Set database path to: /home/lapka/.stmcufinder/plugins/mcufinder//mcu/cs/
2025-03-28 17:35:38,112 [INFO] ApplicationProperties:184 - Using Application install path: /opt/st/stm32cubeide_1.18.0/plugins/com.st.stm32cube.common.mx_6.14.0.202502271554
2025-03-28 17:35:38,113 [INFO] PluginManage:196 - Search for loadable plugins [exclusion list=, ]
2025-03-28 17:35:38,113 [INFO] PluginManage:310 - Check plugin analytics
2025-03-28 17:35:38,186 [INFO] AnalyticsPlugin:253 - Accepted Software Licenses: 
2025-03-28 17:35:38,186 [INFO] AnalyticsPlugin:255 - Accepted CMSIS Pack Licenses: 
2025-03-28 17:35:38,186 [INFO] AnalyticsPlugin:257 - Accepted Firmware Licenses: 
2025-03-28 17:35:38,187 [INFO] PluginManage:359 - Loaded plugin analytics (category:tool,tabindex:-1)
2025-03-28 17:35:38,187 [INFO] PluginManage:310 - Check plugin cadmodel
2025-03-28 17:35:38,189 [INFO] CADModel:105 - Init CAD model plugin
2025-03-28 17:35:38,189 [INFO] PluginManage:359 - Loaded plugin cadmodel (category:power,tabindex:5)
2025-03-28 17:35:38,190 [INFO] PluginManage:310 - Check plugin clock
2025-03-28 17:35:38,194 [INFO] PluginManage:359 - Loaded plugin clock (category:base,tabindex:2)
2025-03-28 17:35:38,194 [INFO] PluginManage:310 - Check plugin ddr
2025-03-28 17:35:38,195 [INFO] PluginManage:359 - Loaded plugin ddr (category:tool,tabindex:6)
2025-03-28 17:35:38,195 [INFO] PluginManage:310 - Check plugin filemanager
2025-03-28 17:35:38,304 [INFO] PluginManage:359 - Loaded plugin filemanager (category:base,tabindex:10)
2025-03-28 17:35:38,304 [INFO] PluginManage:310 - Check plugin ipmanager
2025-03-28 17:35:38,307 [INFO] PluginManage:359 - Loaded plugin ipmanager (category:base,tabindex:5)
2025-03-28 17:35:38,307 [INFO] PluginManage:310 - Check plugin lpbam
2025-03-28 17:35:38,311 [INFO] PluginManage:359 - Loaded plugin lpbam (category:base,tabindex:0)
2025-03-28 17:35:38,311 [INFO] PluginManage:310 - Check plugin memorymap
2025-03-28 17:35:38,316 [INFO] PluginManage:359 - Loaded plugin memorymap (category:base,tabindex:4)
2025-03-28 17:35:38,316 [INFO] PluginManage:310 - Check plugin pinoutandconfiguration
2025-03-28 17:35:38,319 [INFO] PluginManage:359 - Loaded plugin pinoutandconfiguration (category:base,tabindex:1)
2025-03-28 17:35:38,319 [INFO] PluginManage:310 - Check plugin pinoutconfig
2025-03-28 17:35:38,362 [WARN] SupportedApi:132 - Cannot load RTOS API schema: s4s-elt-must-match.1: The content of 'definitions' must match (annotation?, (simpleType | complexType)?, (unique | key | keyref)*)). A problem was found starting at: attribute.
2025-03-28 17:35:38,413 [INFO] PluginManage:359 - Loaded plugin pinoutconfig (category:base,tabindex:0)
2025-03-28 17:35:38,413 [INFO] PluginManage:310 - Check plugin power
2025-03-28 17:35:38,416 [INFO] PluginManage:359 - Loaded plugin power (category:power,tabindex:4)
2025-03-28 17:35:38,416 [INFO] PluginManage:310 - Check plugin projectmanager
2025-03-28 17:35:38,426 [INFO] PluginManage:359 - Loaded plugin projectmanager (category:projectmanager,tabindex:4)
2025-03-28 17:35:38,427 [INFO] PluginManage:310 - Check plugin rif
2025-03-28 17:35:38,429 [INFO] PluginManage:359 - Loaded plugin rif (category:base,tabindex:3)
2025-03-28 17:35:38,429 [INFO] PluginManage:310 - Check plugin thirdparty
2025-03-28 17:35:38,482 [INFO] PluginManage:359 - Loaded plugin thirdparty (category:base,tabindex:-1)
2025-03-28 17:35:38,482 [INFO] PluginManage:310 - Check plugin tools
2025-03-28 17:35:38,482 [WARN] IntegrityCheckThread:84 - waiting for thirdparty lock release [integrity check]
2025-03-28 17:35:38,483 [INFO] IntegrityCheckThread:86 - entering critical section [integrity check]
2025-03-28 17:35:38,483 [INFO] ThirdPartyUpdaterWithRetryManager:70 - Updater plugin not ready yet. [1/15]
2025-03-28 17:35:38,483 [INFO] PluginManage:359 - Loaded plugin tools (category:base,tabindex:7)
2025-03-28 17:35:38,484 [INFO] PluginManage:310 - Check plugin tutovideos
2025-03-28 17:35:38,560 [INFO] PluginManage:359 - Loaded plugin tutovideos (category:base,tabindex:-1)
2025-03-28 17:35:38,560 [INFO] PluginManage:310 - Check plugin updater
2025-03-28 17:35:38,573 [INFO] PluginManage:359 - Loaded plugin updater (category:base,tabindex:12)
2025-03-28 17:35:38,574 [INFO] PluginManage:310 - Check plugin userauth
2025-03-28 17:35:38,575 [INFO] UserAuth:118 - Init User Auth plugin
2025-03-28 17:35:38,576 [INFO] PluginManage:359 - Loaded plugin userauth (category:base,tabindex:14)
2025-03-28 17:35:38,576 [INFO] PluginManage:283 - PluginManage : Loaded plugins [18]
2025-03-28 17:35:38,665 [INFO] PinOutPanel:1589 - setPackage(No Configuration,No Configuration)
2025-03-28 17:35:38,698 [INFO] CADModel:165 - CPN selected for project level
2025-03-28 17:35:38,698 [INFO] CADModel:114 - Register for checkConnection events
2025-03-28 17:35:38,705 [INFO] IPUIPlugin:80 - create IPUIPlugin
2025-03-28 17:35:38,705 [INFO] PluginManager:220 - loadIPPluginJar : add adc
2025-03-28 17:35:38,706 [INFO] IPUIPlugin:80 - create IPUIPlugin
2025-03-28 17:35:38,706 [INFO] PluginManager:220 - loadIPPluginJar : add aes
2025-03-28 17:35:38,707 [INFO] IPUIPlugin:80 - create IPUIPlugin
2025-03-28 17:35:38,707 [INFO] PluginManager:220 - loadIPPluginJar : add can
2025-03-28 17:35:38,708 [INFO] IPUIPlugin:80 - create IPUIPlugin
2025-03-28 17:35:38,708 [INFO] PluginManager:220 - loadIPPluginJar : add comp
2025-03-28 17:35:38,709 [INFO] IPUIPlugin:80 - create IPUIPlugin
2025-03-28 17:35:38,709 [INFO] PluginManager:220 - loadIPPluginJar : add cryp
2025-03-28 17:35:38,710 [INFO] IPUIPlugin:80 - create IPUIPlugin
2025-03-28 17:35:38,710 [INFO] PluginManager:220 - loadIPPluginJar : add ddr_ctrl_phy
2025-03-28 17:35:38,710 [INFO] IPUIPlugin:80 - create IPUIPlugin
2025-03-28 17:35:38,710 [INFO] PluginManager:220 - loadIPPluginJar : add dfsdm
2025-03-28 17:35:38,712 [INFO] IPUIPlugin:80 - create IPUIPlugin
2025-03-28 17:35:38,713 [INFO] PluginManager:220 - loadIPPluginJar : add dma
2025-03-28 17:35:38,713 [INFO] IPUIPlugin:80 - create IPUIPlugin
2025-03-28 17:35:38,713 [INFO] PluginManager:220 - loadIPPluginJar : add dma3
2025-03-28 17:35:38,714 [INFO] IPUIPlugin:80 - create IPUIPlugin
2025-03-28 17:35:38,714 [INFO] PluginManager:220 - loadIPPluginJar : add extmemmanager
2025-03-28 17:35:38,715 [INFO] IPUIPlugin:80 - create IPUIPlugin
2025-03-28 17:35:38,715 [INFO] PluginManager:220 - loadIPPluginJar : add fatfs
2025-03-28 17:35:38,716 [INFO] IPUIPlugin:80 - create IPUIPlugin
2025-03-28 17:35:38,716 [INFO] PluginManager:220 - loadIPPluginJar : add fmc
2025-03-28 17:35:38,718 [INFO] IPUIPlugin:80 - create IPUIPlugin
2025-03-28 17:35:38,718 [INFO] PluginManager:220 - loadIPPluginJar : add freertos
2025-03-28 17:35:38,719 [INFO] IPUIPlugin:80 - create IPUIPlugin
2025-03-28 17:35:38,719 [INFO] PluginManager:220 - loadIPPluginJar : add genericplugin
2025-03-28 17:35:38,719 [INFO] IPUIPlugin:80 - create IPUIPlugin
2025-03-28 17:35:38,719 [INFO] PluginManager:220 - loadIPPluginJar : add gfxmmu
2025-03-28 17:35:38,723 [INFO] IPUIPlugin:80 - create IPUIPlugin
2025-03-28 17:35:38,723 [INFO] PluginManager:220 - loadIPPluginJar : add gic
2025-03-28 17:35:38,725 [INFO] IPUIPlugin:80 - create IPUIPlugin
2025-03-28 17:35:38,725 [INFO] PluginManager:220 - loadIPPluginJar : add gpio
2025-03-28 17:35:38,726 [INFO] IPUIPlugin:80 - create IPUIPlugin
2025-03-28 17:35:38,726 [INFO] PluginManager:220 - loadIPPluginJar : add gtzc
2025-03-28 17:35:38,727 [INFO] IPUIPlugin:80 - create IPUIPlugin
2025-03-28 17:35:38,727 [INFO] PluginManager:220 - loadIPPluginJar : add hash
2025-03-28 17:35:38,727 [INFO] IPUIPlugin:80 - create IPUIPlugin
2025-03-28 17:35:38,727 [INFO] PluginManager:220 - loadIPPluginJar : add i2c
2025-03-28 17:35:38,728 [INFO] IPUIPlugin:80 - create IPUIPlugin
2025-03-28 17:35:38,728 [INFO] PluginManager:220 - loadIPPluginJar : add i2s
2025-03-28 17:35:38,729 [INFO] IPUIPlugin:80 - create IPUIPlugin
2025-03-28 17:35:38,729 [INFO] PluginManager:220 - loadIPPluginJar : add i3c
2025-03-28 17:35:38,730 [INFO] IPUIPlugin:80 - create IPUIPlugin
2025-03-28 17:35:38,730 [INFO] PluginManager:220 - loadIPPluginJar : add ipddr
2025-03-28 17:35:38,733 [INFO] IPUIPlugin:80 - create IPUIPlugin
2025-03-28 17:35:38,733 [INFO] PluginManager:220 - loadIPPluginJar : add linkedlist
2025-03-28 17:35:38,734 [INFO] IPUIPlugin:80 - create IPUIPlugin
2025-03-28 17:35:38,734 [INFO] PluginManager:220 - loadIPPluginJar : add lorawan
2025-03-28 17:35:38,734 [INFO] IPUIPlugin:80 - create IPUIPlugin
2025-03-28 17:35:38,734 [INFO] PluginManager:220 - loadIPPluginJar : add ltdc
2025-03-28 17:35:38,736 [INFO] IPUIPlugin:80 - create IPUIPlugin
2025-03-28 17:35:38,736 [INFO] PluginManager:220 - loadIPPluginJar : add mdma
2025-03-28 17:35:38,737 [INFO] IPUIPlugin:80 - create IPUIPlugin
2025-03-28 17:35:38,737 [INFO] PluginManager:220 - loadIPPluginJar : add nvic
2025-03-28 17:35:38,739 [INFO] IPUIPlugin:80 - create IPUIPlugin
2025-03-28 17:35:38,739 [INFO] PluginManager:220 - loadIPPluginJar : add opamp
2025-03-28 17:35:38,740 [INFO] IPUIPlugin:80 - create IPUIPlugin
2025-03-28 17:35:38,740 [INFO] PluginManager:220 - loadIPPluginJar : add openamp
2025-03-28 17:35:38,741 [INFO] IPUIPlugin:80 - create IPUIPlugin
2025-03-28 17:35:38,741 [INFO] PluginManager:220 - loadIPPluginJar : add pdm2pcm
2025-03-28 17:35:38,743 [INFO] IPUIPlugin:80 - create IPUIPlugin
2025-03-28 17:35:38,744 [INFO] PluginManager:220 - loadIPPluginJar : add plateformsettings
2025-03-28 17:35:38,744 [INFO] IPUIPlugin:80 - create IPUIPlugin
2025-03-28 17:35:38,744 [INFO] PluginManager:220 - loadIPPluginJar : add quadspi
2025-03-28 17:35:38,745 [INFO] IPUIPlugin:80 - create IPUIPlugin
2025-03-28 17:35:38,745 [INFO] PluginManager:220 - loadIPPluginJar : add radio
2025-03-28 17:35:38,746 [INFO] IPUIPlugin:80 - create IPUIPlugin
2025-03-28 17:35:38,746 [INFO] PluginManager:220 - loadIPPluginJar : add resmgrutility
2025-03-28 17:35:38,747 [INFO] IPUIPlugin:80 - create IPUIPlugin
2025-03-28 17:35:38,747 [INFO] PluginManager:220 - loadIPPluginJar : add sai
2025-03-28 17:35:38,748 [INFO] IPUIPlugin:80 - create IPUIPlugin
2025-03-28 17:35:38,748 [INFO] PluginManager:220 - loadIPPluginJar : add spi
2025-03-28 17:35:38,750 [INFO] IPUIPlugin:80 - create IPUIPlugin
2025-03-28 17:35:38,750 [INFO] PluginManager:220 - loadIPPluginJar : add stm32_wpan
2025-03-28 17:35:38,750 [INFO] IPUIPlugin:80 - create IPUIPlugin
2025-03-28 17:35:38,750 [INFO] PluginManager:220 - loadIPPluginJar : add tim
2025-03-28 17:35:38,751 [INFO] IPUIPlugin:80 - create IPUIPlugin
2025-03-28 17:35:38,751 [INFO] PluginManager:220 - loadIPPluginJar : add touchsensing
2025-03-28 17:35:38,752 [INFO] IPUIPlugin:80 - create IPUIPlugin
2025-03-28 17:35:38,752 [INFO] PluginManager:220 - loadIPPluginJar : add tracer_emb
2025-03-28 17:35:38,753 [INFO] IPUIPlugin:80 - create IPUIPlugin
2025-03-28 17:35:38,753 [INFO] PluginManager:220 - loadIPPluginJar : add ts
2025-03-28 17:35:38,753 [INFO] IPUIPlugin:80 - create IPUIPlugin
2025-03-28 17:35:38,753 [INFO] PluginManager:220 - loadIPPluginJar : add tsc
2025-03-28 17:35:38,754 [INFO] IPUIPlugin:80 - create IPUIPlugin
2025-03-28 17:35:38,754 [INFO] PluginManager:220 - loadIPPluginJar : add ucpd
2025-03-28 17:35:38,755 [INFO] IPUIPlugin:80 - create IPUIPlugin
2025-03-28 17:35:38,755 [INFO] PluginManager:220 - loadIPPluginJar : add usart
2025-03-28 17:35:38,756 [INFO] IPUIPlugin:80 - create IPUIPlugin
2025-03-28 17:35:38,756 [INFO] PluginManager:220 - loadIPPluginJar : add usbx
2025-03-28 17:35:38,839 [FATAL] Updater:351 - Updater called before beeing initialized
2025-03-28 17:35:38,860 [INFO] RulesReader:64 - Compatibility file has been processed (301 Rules)
2025-03-28 17:35:38,869 [INFO] RulesReader:64 - Compatibility file has been processed (301 Rules)
2025-03-28 17:35:38,875 [INFO] CADModel:165 - CPN selected for project level
2025-03-28 17:35:38,875 [INFO] CADModel:114 - Register for checkConnection events
2025-03-28 17:35:38,875 [FATAL] Updater:351 - Updater called before beeing initialized
2025-03-28 17:35:38,875 [ERROR] CADModel:125 - Updater not yet initialized, retry later 
2025-03-28 17:35:38,938 [FATAL] Updater:351 - Updater called before beeing initialized
2025-03-28 17:35:38,939 [INFO] CADModel:165 - CPN selected for project level
2025-03-28 17:35:38,939 [INFO] CADModel:114 - Register for checkConnection events
2025-03-28 17:35:38,939 [FATAL] Updater:351 - Updater called before beeing initialized
2025-03-28 17:35:38,939 [ERROR] CADModel:125 - Updater not yet initialized, retry later 
2025-03-28 17:35:38,940 [FATAL] Updater:351 - Updater called before beeing initialized
2025-03-28 17:35:38,992 [FATAL] Updater:351 - Updater called before beeing initialized
2025-03-28 17:35:38,994 [INFO] DbMcusAds:53 - JSON generation date=Thu Sep 30 08:55:09 CEST 2021 (1632984909247)
2025-03-28 17:35:38,994 [FATAL] Updater:351 - Updater called before beeing initialized
2025-03-28 17:35:39,009 [WARN] DetailPanel:346 - Failed to get advertising image, set to default
2025-03-28 17:35:39,156 [FATAL] Updater:351 - Updater called before beeing initialized
2025-03-28 17:35:39,157 [FATAL] Updater:351 - Updater called before beeing initialized
2025-03-28 17:35:39,157 [FATAL] Updater:351 - Updater called before beeing initialized
2025-03-28 17:35:39,157 [WARN] DetailPanel:346 - Failed to get advertising image, set to default
2025-03-28 17:35:39,158 [FATAL] Updater:351 - Updater called before beeing initialized
2025-03-28 17:35:39,172 [ERROR] Updater:1198 - MainUpdater not yet initialized. External WinMGr cannot be set.
2025-03-28 17:35:39,173 [INFO] Updater:1134 - Updater Version found : 6.14.0
2025-03-28 17:35:39,182 [INFO] ApplicationProperties:184 - Using Application install path: /opt/st/stm32cubeide_1.18.0/plugins/com.st.stm32cube.common.mx_6.14.0.202502271554
2025-03-28 17:35:39,192 [INFO] MainUpdater:525 - Copy updater definitions from MX database
2025-03-28 17:35:39,214 [INFO] MainUpdater:558 - Copy flag file definitions from MX database
2025-03-28 17:35:39,214 [INFO] MainUpdater:574 - Copy thirdparty index definitions from MX database
2025-03-28 17:35:39,215 [INFO] MainUpdater:593 - Copy default thirdparty db definitions from MX database
2025-03-28 17:35:41,483 [INFO] ThirdPartyUpdaterWithRetryManager:70 - Updater plugin not ready yet. [2/15]
2025-03-28 17:35:44,484 [FATAL] Updater:351 - Updater called before beeing initialized
2025-03-28 17:35:44,484 [ERROR] IntegrityCheckThread:130 - Cannot retrieve database content from updater: error 21
2025-03-28 17:35:44,485 [INFO] ThirdParty:978 - Integrity check success = false
2025-03-28 17:35:44,485 [INFO] IntegrityCheckThread:100 - exiting critical section [integrity check]
2025-03-28 17:35:44,485 [INFO] IntegrityCheckThread:103 - End integrity checks thread
2025-03-28 17:35:47,551 [INFO] RetryExec:97 - I/O exception (java.net.SocketException) caught when processing request to {s}->https://sw-center.st.com:443: Network is unreachable
2025-03-28 17:35:47,551 [INFO] RetryExec:113 - Retrying request to {s}->https://sw-center.st.com:443
2025-03-28 17:35:51,296 [ERROR] ConfigurationRetriever:142 - IOException on connection: Read timed out
2025-03-28 17:35:51,406 [ERROR] ConfigurationRetriever:142 - IOException on connection: Read timed out
2025-03-28 17:35:51,557 [INFO] RetryExec:97 - I/O exception (java.net.SocketException) caught when processing request to {s}->https://sw-center.st.com:443: Network is unreachable
2025-03-28 17:35:51,557 [INFO] RetryExec:113 - Retrying request to {s}->https://sw-center.st.com:443
2025-03-28 17:35:53,891 [INFO] MainUpdater:2872 - connection check result : 10
2025-03-28 17:35:53,891 [INFO] MainUpdater:3566 - Updater definition file requires update
2025-03-28 17:35:53,891 [INFO] MainUpdater:289 - Updater Check For Update Now.
2025-03-28 17:35:53,891 [INFO] MicroXplorer:498 - Change Database Version : DB.6.0.140
2025-03-28 17:35:53,894 [INFO] McuFinderGlobals:63 - Set McuFinder mode to 2 (CubeIDE integrated)
2025-03-28 17:35:53,894 [INFO] UserAuth:171 - activating auth plugin
2025-03-28 17:35:53,896 [INFO] UserAuth:486 - Internet connection configuration mode: 1
2025-03-28 17:35:53,901 [INFO] JxBrowserEngine:152 - Initiate JxBrowser Engine with user profile folder
2025-03-28 17:35:53,999 [INFO] ServerAccessManage:473 - Download File updaters.zip
2025-03-28 17:35:54,101 [INFO] FileExtend:242 - Unzip File : updaters.zip
2025-03-28 17:35:54,101 [INFO] FileExtend:257 - Standard Zip Deflate
2025-03-28 17:35:54,246 [INFO] ServerAccessManage:473 - Download File PacksControlFlags.xml
2025-03-28 17:35:54,321 [INFO] ServerAccessManage:473 - Download File cubemx.pidx
2025-03-28 17:35:54,479 [INFO] ServerAccessManage:473 - Download File STMicroelectronics.FP-ATR-ASTRA1.pdsc
2025-03-28 17:35:54,938 [INFO] ServerAccessManage:473 - Download File STMicroelectronics.FP-ATR-SIGFOX1.pdsc
2025-03-28 17:35:55,106 [INFO] ServerAccessManage:473 - Download File STMicroelectronics.FP-SNS-STBOX1.pdsc
2025-03-28 17:35:55,260 [INFO] ServerAccessManage:473 - Download File STMicroelectronics.FP-SNS-FLIGHT1.pdsc
2025-03-28 17:35:55,664 [INFO] ServerAccessManage:473 - Download File STMicroelectronics.FP-SNS-MOTENV1.pdsc
2025-03-28 17:35:55,857 [INFO] WebApp:169 - Instantiating new browser for Auth
2025-03-28 17:35:56,046 [INFO] ServerAccessManage:473 - Download File STMicroelectronics.FP-SNS-MOTENVWB1.pdsc
2025-03-28 17:35:56,185 [INFO] WebApp:463 - Apply proxy settings
2025-03-28 17:35:56,185 [INFO] WebApp:548 - Chromium requires no authentication
2025-03-28 17:35:56,189 [INFO] WebApp:491 - Direct internet connection detected
2025-03-28 17:35:56,197 [INFO] WebApp:894 - Register for checkConnection events
2025-03-28 17:35:56,197 [INFO] WebApp:463 - Apply proxy settings
2025-03-28 17:35:56,197 [INFO] WebApp:548 - Chromium requires no authentication
2025-03-28 17:35:56,198 [INFO] WebApp:491 - Direct internet connection detected
2025-03-28 17:35:56,255 [INFO] WebApp:225 - Starting web application
2025-03-28 17:35:56,255 [INFO] WebApp:593 - Web application path used /opt/st/stm32cubeide_1.18.0/plugins/com.st.stm32cube.common.mx_6.14.0.202502271554/db/plugins/mcufinder/reactClient1/index.html
2025-03-28 17:35:56,387 [INFO] ServerAccessManage:473 - Download File STMicroelectronics.FP-SNS-SMARTAG2.pdsc
2025-03-28 17:35:56,523 [INFO] WebApp:191 - Connection restablished
2025-03-28 17:35:56,544 [INFO] ServerAccessManage:473 - Download File STMicroelectronics.X-CUBE-AI.pdsc
2025-03-28 17:35:57,943 [INFO] ServerAccessManage:473 - Download File STMicroelectronics.X-CUBE-ALS.pdsc
2025-03-28 17:35:58,257 [INFO] ServerAccessManage:473 - Download File STMicroelectronics.X-CUBE-BLE1.pdsc
2025-03-28 17:35:59,448 [ERROR] ServerAccessManage:1089 - Problem, file not found on Server
2025-03-28 17:35:59,918 [INFO] ServerAccessManage:473 - Download File STMicroelectronics.X-CUBE-BLE2.pdsc
2025-03-28 17:36:00,728 [INFO] ServerAccessManage:473 - Download File STMicroelectronics.X-CUBE-BLEMGR.pdsc
2025-03-28 17:36:00,976 [ERROR] ServerAccessManage:1089 - Problem, file not found on Server
2025-03-28 17:36:01,621 [INFO] ServerAccessManage:473 - Download File STMicroelectronics.X-CUBE-DISPLAY.pdsc
2025-03-28 17:36:02,173 [INFO] ServerAccessManage:473 - Download File STMicroelectronics.X-CUBE-DPOWER.pdsc
2025-03-28 17:36:02,436 [ERROR] ServerAccessManage:1089 - Problem, file not found on Server
2025-03-28 17:36:02,543 [ERROR] ServerAccessManage:1089 - Problem, file not found on Server
2025-03-28 17:36:02,703 [ERROR] ServerAccessManage:1089 - Problem, file not found on Server
2025-03-28 17:36:02,812 [ERROR] ServerAccessManage:1089 - Problem, file not found on Server
2025-03-28 17:36:03,096 [ERROR] ServerAccessManage:1089 - Problem, file not found on Server
2025-03-28 17:36:03,399 [ERROR] ServerAccessManage:1089 - Problem, file not found on Server
2025-03-28 17:36:03,605 [ERROR] ServerAccessManage:1089 - Problem, file not found on Server
2025-03-28 17:36:03,783 [ERROR] ServerAccessManage:1089 - Problem, file not found on Server
2025-03-28 17:36:04,011 [ERROR] ServerAccessManage:1089 - Problem, file not found on Server
2025-03-28 17:36:05,243 [ERROR] ServerAccessManage:1089 - Problem, file not found on Server
2025-03-28 17:36:05,447 [ERROR] ServerAccessManage:1089 - Problem, file not found on Server
2025-03-28 17:36:05,534 [INFO] ServerAccessManage:473 - Download File STMicroelectronics.X-CUBE-EEPRMA1.pdsc
2025-03-28 17:36:05,788 [ERROR] ServerAccessManage:1089 - Problem, file not found on Server
2025-03-28 17:36:06,155 [ERROR] ServerAccessManage:1089 - Problem, file not found on Server
2025-03-28 17:36:06,521 [INFO] ServerAccessManage:473 - Download File STMicroelectronics.X-CUBE-FREERTOS.pdsc
2025-03-28 17:36:07,009 [INFO] ServerAccessManage:473 - Download File STMicroelectronics.X-CUBE-GNSS1.pdsc
2025-03-28 17:36:07,950 [ERROR] ServerAccessManage:1089 - Problem, file not found on Server
2025-03-28 17:36:08,213 [ERROR] ServerAccessManage:1089 - Problem, file not found on Server
2025-03-28 17:36:08,519 [ERROR] ServerAccessManage:1089 - Problem, file not found on Server
2025-03-28 17:36:08,672 [ERROR] ServerAccessManage:1089 - Problem, file not found on Server
2025-03-28 17:36:12,047 [ERROR] ServerAccessManage:1089 - Problem, file not found on Server
2025-03-28 17:36:12,199 [ERROR] ServerAccessManage:1089 - Problem, file not found on Server
2025-03-28 17:36:12,276 [INFO] ServerAccessManage:473 - Download File STMicroelectronics.X-CUBE-ISPU.pdsc
2025-03-28 17:36:12,697 [INFO] ServerAccessManage:473 - Download File STMicroelectronics.X-CUBE-IPS.pdsc
2025-03-28 17:36:12,928 [INFO] ServerAccessManage:473 - Download File STMicroelectronics.X-CUBE-MEMS1.pdsc
2025-03-28 17:36:15,018 [INFO] ServerAccessManage:473 - Download File STMicroelectronics.X-CUBE-NFC4.pdsc
2025-03-28 17:36:16,126 [INFO] ServerAccessManage:473 - Download File STMicroelectronics.X-CUBE-NFC6.pdsc
2025-03-28 17:36:16,383 [INFO] ServerAccessManage:473 - Download File STMicroelectronics.X-CUBE-NFC7.pdsc
2025-03-28 17:36:16,625 [INFO] ServerAccessManage:473 - Download File STMicroelectronics.X-CUBE-NFC9.pdsc
2025-03-28 17:36:16,770 [INFO] ServerAccessManage:473 - Download File STMicroelectronics.X-CUBE-NFC10.pdsc
2025-03-28 17:36:16,927 [INFO] ServerAccessManage:473 - Download File STMicroelectronics.X-CUBE-SFXS2LP1.pdsc
2025-03-28 17:36:17,316 [INFO] ServerAccessManage:473 - Download File STMicroelectronics.X-CUBE-SAFEA1.pdsc
2025-03-28 17:36:17,479 [INFO] ServerAccessManage:473 - Download File STMicroelectronics.X-CUBE-SUBG2.pdsc
2025-03-28 17:36:18,320 [INFO] ServerAccessManage:473 - Download File STMicroelectronics.X-CUBE-SMBUS.pdsc
2025-03-28 17:36:18,578 [ERROR] ServerAccessManage:1089 - Problem, file not found on Server
2025-03-28 17:36:18,651 [INFO] ServerAccessManage:473 - Download File STMicroelectronics.X-CUBE-TCPP.pdsc
2025-03-28 17:36:18,874 [INFO] ServerAccessManage:473 - Download File STMicroelectronics.X-CUBE-TOF1.pdsc
2025-03-28 17:36:19,827 [ERROR] ServerAccessManage:1089 - Problem, file not found on Server
2025-03-28 17:36:20,237 [INFO] ServerAccessManage:473 - Download File STMicroelectronics.X-CUBE-TOUCHGFX.pdsc
2025-03-28 17:36:22,238 [INFO] ServerAccessManage:473 - Download File STMicroelectronics.X-CUBE-ALGOBUILD.pdsc
2025-03-28 17:36:22,860 [INFO] ServerAccessManage:473 - Download File STMicroelectronics.X-CUBE-AZRTOS-H7.pdsc
2025-03-28 17:36:23,656 [INFO] ServerAccessManage:473 - Download File STMicroelectronics.X-CUBE-AZRTOS-H7RS.pdsc
2025-03-28 17:36:23,920 [INFO] ServerAccessManage:473 - Download File STMicroelectronics.X-CUBE-AZRTOS-F4.pdsc
2025-03-28 17:36:24,162 [INFO] ServerAccessManage:473 - Download File STMicroelectronics.X-CUBE-AZRTOS-F7.pdsc
2025-03-28 17:36:24,407 [INFO] ServerAccessManage:473 - Download File STMicroelectronics.X-CUBE-AZRTOS-L4.pdsc
2025-03-28 17:36:24,910 [INFO] ServerAccessManage:473 - Download File STMicroelectronics.X-CUBE-AZRTOS-L5.pdsc
2025-03-28 17:36:25,257 [INFO] ServerAccessManage:473 - Download File STMicroelectronics.X-CUBE-AZRTOS-G0.pdsc
2025-03-28 17:36:25,536 [INFO] ServerAccessManage:473 - Download File STMicroelectronics.X-CUBE-AZRTOS-G4.pdsc
2025-03-28 17:36:25,892 [INFO] ServerAccessManage:473 - Download File STMicroelectronics.X-CUBE-AZRTOS-WB.pdsc
2025-03-28 17:36:26,146 [INFO] ServerAccessManage:473 - Download File STMicroelectronics.X-CUBE-AZRTOS-WL.pdsc
2025-03-28 17:36:26,398 [INFO] ServerAccessManage:473 - Download File STMicroelectronics.X-CUBE-WB05N.pdsc
2025-03-28 17:36:27,074 [INFO] ServerAccessManage:473 - Download File wolfSSL.I-CUBE-wolfSSL.pdsc
2025-03-28 17:36:32,071 [ERROR] ServerAccessManage:1089 - Problem, file not found on Server
2025-03-28 17:36:32,459 [ERROR] ServerAccessManage:1089 - Problem, file not found on Server
2025-03-28 17:36:32,843 [ERROR] ServerAccessManage:1089 - Problem, file not found on Server
2025-03-28 17:36:32,966 [INFO] ServerAccessManage:473 - Download File wolfSSL.I-CUBE-wolfMQTT.pdsc
2025-03-28 17:36:34,033 [ERROR] ServerAccessManage:1089 - Problem, file not found on Server
2025-03-28 17:36:34,149 [INFO] ServerAccessManage:473 - Download File wolfSSL.I-CUBE-wolfTPM.pdsc
2025-03-28 17:36:35,278 [INFO] ServerAccessManage:473 - Download File wolfSSL.I-CUBE-wolfSSH.pdsc
2025-03-28 17:36:37,394 [INFO] ServerAccessManage:473 - Download File RealThread.X-CUBE-RT-Thread_Nano.pdsc
2025-03-28 17:36:37,738 [INFO] ServerAccessManage:473 - Download File SEGGER.I-CUBE-embOS.pdsc
2025-03-28 17:36:38,215 [INFO] ServerAccessManage:473 - Download File portGmbH.I-Cube-SoM-uGOAL.pdsc
2025-03-28 17:36:38,484 [ERROR] ServerAccessManage:1089 - Problem, file not found on Server
2025-03-28 17:36:38,511 [ERROR] ServerAccessManage:1089 - Problem, file not found on Server
2025-03-28 17:36:38,537 [ERROR] ServerAccessManage:1089 - Problem, file not found on Server
2025-03-28 17:36:38,741 [INFO] ServerAccessManage:473 - Download File emotas.I-CUBE-CANOPEN.pdsc
2025-03-28 17:36:39,686 [INFO] ServerAccessManage:473 - Download File WES.I-CUBE-Cesium.pdsc
2025-03-28 17:36:40,253 [ERROR] ServerAccessManage:1089 - Problem, file not found on Server
2025-03-28 17:36:40,528 [ERROR] ServerAccessManage:1089 - Problem, file not found on Server
2025-03-28 17:36:41,398 [INFO] ServerAccessManage:473 - Download File ITTIA_DB.I-CUBE-ITTIADB.pdsc
2025-03-28 17:36:45,260 [INFO] ServerAccessManage:473 - Download File Infineon.AIROC-Wi-Fi-Bluetooth-STM32.pdsc
2025-03-28 17:36:49,289 [INFO] ServerAccessManage:473 - Download File Cesanta.I-CUBE-Mongoose.pdsc
2025-03-28 17:36:50,650 [INFO] ServerAccessManage:473 - Download File EmbeddedOffice.I-CUBE-FS-RTOS.pdsc
2025-03-28 17:36:51,289 [INFO] ServerAccessManage:473 - Download File quantropi.X-CUBE-qispace-sdk-base.pdsc
2025-03-28 17:36:51,567 [WARN] PackLoader:240 - Cannot read IP mode file for STMicroelectronics.FP-ATR-ASTRA1.2.0.2
2025-03-28 17:36:51,570 [WARN] PackLoader:240 - Cannot read IP mode file for STMicroelectronics.FP-ATR-SIGFOX1.3.2.0
2025-03-28 17:36:51,576 [WARN] PackLoader:240 - Cannot read IP mode file for STMicroelectronics.FP-SNS-STBOX1.2.0.0
2025-03-28 17:36:51,581 [WARN] PackLoader:240 - Cannot read IP mode file for STMicroelectronics.FP-SNS-FLIGHT1.5.1.0
2025-03-28 17:36:51,583 [WARN] CheckServerUpdateThread:151 - Open CheckUpdateFile Fail
2025-03-28 17:36:51,584 [WARN] PackLoader:240 - Cannot read IP mode file for STMicroelectronics.FP-SNS-MOTENV1.5.0.0
2025-03-28 17:36:51,587 [WARN] PackLoader:240 - Cannot read IP mode file for STMicroelectronics.FP-SNS-MOTENVWB1.1.4.0
2025-03-28 17:36:51,590 [WARN] PackLoader:240 - Cannot read IP mode file for STMicroelectronics.FP-SNS-SMARTAG2.1.2.0
2025-03-28 17:36:51,592 [WARN] PackLoader:240 - Cannot read IP mode file for STMicroelectronics.X-CUBE-AI.10.0.0
2025-03-28 17:36:51,596 [WARN] PackLoader:240 - Cannot read IP mode file for STMicroelectronics.X-CUBE-ALS.1.0.2
2025-03-28 17:36:51,599 [WARN] PackLoader:240 - Cannot read IP mode file for STMicroelectronics.X-CUBE-BLE1.7.1.0
2025-03-28 17:36:51,602 [WARN] PackLoader:240 - Cannot read IP mode file for STMicroelectronics.X-CUBE-BLE2.3.3.0
2025-03-28 17:36:51,610 [WARN] PackLoader:240 - Cannot read IP mode file for STMicroelectronics.X-CUBE-BLEMGR.4.0.0
2025-03-28 17:36:51,617 [WARN] PackLoader:240 - Cannot read IP mode file for STMicroelectronics.X-CUBE-DISPLAY.3.0.0
2025-03-28 17:36:51,623 [WARN] PackLoader:240 - Cannot read IP mode file for STMicroelectronics.X-CUBE-DPower.1.3.0
2025-03-28 17:36:51,627 [WARN] PackLoader:240 - Cannot read IP mode file for STMicroelectronics.X-CUBE-EEPRMA1.5.1.0
2025-03-28 17:36:51,631 [WARN] PackLoader:240 - Cannot read IP mode file for STMicroelectronics.X-CUBE-FREERTOS.1.3.0
2025-03-28 17:36:51,633 [WARN] PackLoader:240 - Cannot read IP mode file for STMicroelectronics.X-CUBE-GNSS1.7.0.1
2025-03-28 17:36:51,636 [WARN] PackLoader:240 - Cannot read IP mode file for STMicroelectronics.X-CUBE-ISPU.2.1.0
2025-03-28 17:36:51,642 [WARN] PackLoader:240 - Cannot read IP mode file for STMicroelectronics.X-CUBE-IPS.3.1.0
2025-03-28 17:36:51,669 [WARN] PackLoader:240 - Cannot read IP mode file for STMicroelectronics.X-CUBE-MEMS1.11.1.0
2025-03-28 17:36:51,697 [INFO] CheckServerUpdateThread:120 - End of CheckServer Thread
2025-03-28 17:36:51,754 [WARN] PackLoader:240 - Cannot read IP mode file for STMicroelectronics.X-CUBE-NFC4.3.0.0
2025-03-28 17:36:51,758 [WARN] PackLoader:240 - Cannot read IP mode file for STMicroelectronics.X-CUBE-NFC6.3.1.0
2025-03-28 17:36:51,761 [WARN] PackLoader:240 - Cannot read IP mode file for STMicroelectronics.X-CUBE-NFC7.1.0.1
2025-03-28 17:36:51,765 [WARN] PackLoader:240 - Cannot read IP mode file for STMicroelectronics.X-CUBE-NFC9.1.0.0
2025-03-28 17:36:51,768 [WARN] PackLoader:240 - Cannot read IP mode file for STMicroelectronics.X-CUBE-NFC10.1.0.0
2025-03-28 17:36:51,772 [WARN] PackLoader:240 - Cannot read IP mode file for STMicroelectronics.X-CUBE-SFXS2LP1.4.0.0
2025-03-28 17:36:51,775 [WARN] PackLoader:240 - Cannot read IP mode file for STMicroelectronics.X-CUBE-SAFEA1.1.2.2
2025-03-28 17:36:51,779 [WARN] PackLoader:240 - Cannot read IP mode file for STMicroelectronics.X-CUBE-SUBG2.5.0.0
2025-03-28 17:36:51,783 [WARN] PackLoader:240 - Cannot read IP mode file for STMicroelectronics.X-CUBE-SMBUS.2.1.0
2025-03-28 17:36:51,785 [WARN] PackLoader:240 - Cannot read IP mode file for STMicroelectronics.X-CUBE-TCPP.4.2.0
2025-03-28 17:36:51,790 [WARN] PackLoader:240 - Cannot read IP mode file for STMicroelectronics.X-CUBE-TOF1.3.4.2
2025-03-28 17:36:51,798 [WARN] PackLoader:240 - Cannot read IP mode file for STMicroelectronics.X-CUBE-TOUCHGFX.4.25.0
2025-03-28 17:36:51,800 [WARN] PackLoader:240 - Cannot read IP mode file for STMicroelectronics.X-CUBE-ALGOBUILD.1.4.0
2025-03-28 17:36:51,809 [WARN] PackLoader:240 - Cannot read IP mode file for STMicroelectronics.X-CUBE-AZRTOS-H7.3.3.0
2025-03-28 17:36:51,819 [WARN] PackLoader:240 - Cannot read IP mode file for STMicroelectronics.X-CUBE-AZRTOS-H7RS.1.1.0
2025-03-28 17:36:51,829 [WARN] PackLoader:240 - Cannot read IP mode file for STMicroelectronics.X-CUBE-AZRTOS-F4.1.1.0
2025-03-28 17:36:51,838 [WARN] PackLoader:240 - Cannot read IP mode file for STMicroelectronics.X-CUBE-AZRTOS-F7.1.1.0
2025-03-28 17:36:51,847 [WARN] ConditionMgr:438 - getConditionDescription Invalid condition id : LAN8742 Phy interface Condition cause : null
2025-03-28 17:36:51,848 [WARN] PackLoader:240 - Cannot read IP mode file for STMicroelectronics.X-CUBE-AZRTOS-L4.2.0.0
2025-03-28 17:36:51,848 [WARN] ConditionMgr:1044 - genDependencies : Invalid condition id : LAN8742 Phy interface Condition cause : null
2025-03-28 17:36:51,849 [WARN] ConditionMgr:1044 - genDependencies : Invalid condition id : LAN8742 Phy interface Condition cause : null
2025-03-28 17:36:51,849 [WARN] ConditionMgr:1044 - genDependencies : Invalid condition id : LAN8742 Phy interface Condition cause : null
2025-03-28 17:36:51,857 [WARN] PackLoader:240 - Cannot read IP mode file for STMicroelectronics.X-CUBE-AZRTOS-L5.2.0.0
2025-03-28 17:36:51,865 [WARN] PackLoader:240 - Cannot read IP mode file for STMicroelectronics.X-CUBE-AZRTOS-G0.1.1.0
2025-03-28 17:36:51,872 [WARN] PackLoader:240 - Cannot read IP mode file for STMicroelectronics.X-CUBE-AZRTOS-G4.2.0.0
2025-03-28 17:36:51,884 [WARN] ConditionMgr:438 - getConditionDescription Invalid condition id : UX DEVICE CLASS RTOS Condition cause : null
2025-03-28 17:36:51,884 [WARN] ConditionMgr:438 - getConditionDescription Invalid condition id : UX DEVICE CLASS RTOS Condition cause : null
2025-03-28 17:36:51,887 [WARN] PackLoader:240 - Cannot read IP mode file for STMicroelectronics.X-CUBE-AZRTOS-WB.2.0.0
2025-03-28 17:36:51,888 [WARN] ConditionMgr:1044 - genDependencies : Invalid condition id : UX DEVICE CLASS RTOS Condition cause : null
2025-03-28 17:36:51,888 [WARN] ConditionMgr:1044 - genDependencies : Invalid condition id : UX DEVICE CLASS RTOS Condition cause : null
2025-03-28 17:36:51,888 [WARN] ConditionMgr:1044 - genDependencies : Invalid condition id : UX DEVICE CLASS RTOS Condition cause : null
2025-03-28 17:36:51,888 [WARN] ConditionMgr:1044 - genDependencies : Invalid condition id : UX DEVICE CLASS RTOS Condition cause : null
2025-03-28 17:36:51,888 [WARN] ConditionMgr:1044 - genDependencies : Invalid condition id : UX DEVICE CLASS RTOS Condition cause : null
2025-03-28 17:36:51,896 [INFO] LogOutputStream:77 - [STDOUT_REDIRECT] 1 : Invalid condition id : UX_CORESTACK_Condition cause : null
2025-03-28 17:36:51,897 [INFO] LogOutputStream:77 - [STDOUT_REDIRECT] 1 : Invalid condition id : UX_CORESTACK_Condition cause : null
2025-03-28 17:36:51,897 [INFO] LogOutputStream:77 - [STDOUT_REDIRECT] 1 : Invalid condition id : UX_CORESTACK_Condition cause : null
2025-03-28 17:36:51,897 [INFO] LogOutputStream:77 - [STDOUT_REDIRECT] 1 : Invalid condition id : UX_CORESTACK_Condition cause : null
2025-03-28 17:36:51,897 [INFO] LogOutputStream:77 - [STDOUT_REDIRECT] 1 : Invalid condition id : UX_CORESTACK_Condition cause : null
2025-03-28 17:36:51,900 [WARN] PackLoader:240 - Cannot read IP mode file for STMicroelectronics.X-CUBE-AZRTOS-WL.2.0.0
2025-03-28 17:36:51,910 [WARN] PackLoader:240 - Cannot read IP mode file for STMicroelectronics.X-CUBE-WB05N.1.1.0
2025-03-28 17:36:51,913 [WARN] PackLoader:240 - Cannot read IP mode file for wolfSSL.I-CUBE-wolfSSL.5.7.6
2025-03-28 17:36:51,914 [WARN] PackLoader:240 - Cannot read IP mode file for wolfSSL.I-CUBE-wolfMQTT.1.19.2
2025-03-28 17:36:51,916 [WARN] PackLoader:240 - Cannot read IP mode file for wolfSSL.I-CUBE-wolfTPM.3.8.0
2025-03-28 17:36:51,917 [WARN] PackLoader:240 - Cannot read IP mode file for wolfSSL.I-CUBE-wolfSSH.1.4.20
2025-03-28 17:36:51,920 [WARN] PackLoader:240 - Cannot read IP mode file for RealThread.X-CUBE-RT-Thread_Nano.4.1.1
2025-03-28 17:36:51,935 [WARN] PackLoader:240 - Cannot read IP mode file for SEGGER.I-CUBE-embOS.1.3.1
2025-03-28 17:36:51,969 [WARN] PackLoader:240 - Cannot read IP mode file for portGmbH.I-Cube-SoM-uGOAL.1.1.0
2025-03-28 17:36:51,972 [WARN] PackLoader:240 - Cannot read IP mode file for emotas.I-CUBE-CANOPEN.1.3.0
2025-03-28 17:36:51,975 [WARN] PackLoader:240 - Cannot read IP mode file for WES.I-CUBE-Cesium.1.3.0
2025-03-28 17:36:51,978 [WARN] PackLoader:240 - Cannot read IP mode file for ITTIA_DB.I-CUBE-ITTIADB.8.9.0
2025-03-28 17:36:51,990 [WARN] PackLoader:240 - Cannot read IP mode file for Infineon.AIROC-Wi-Fi-Bluetooth-STM32.1.7.0
2025-03-28 17:36:51,994 [WARN] PackLoader:240 - Cannot read IP mode file for Cesanta.I-CUBE-Mongoose.7.13.0
2025-03-28 17:36:51,998 [WARN] PackLoader:240 - Cannot read IP mode file for EmbeddedOffice.I-CUBE-FS-RTOS.1.0.1
2025-03-28 17:36:52,001 [WARN] ConditionMgr:438 - getConditionDescription Invalid condition id : Cortex-A Device cause : null
2025-03-28 17:36:52,010 [WARN] ConditionMgr:1044 - genDependencies : Invalid condition id : Cortex-A Device cause : null
2025-03-28 17:36:52,010 [WARN] ConditionMgr:1044 - genDependencies : Invalid condition id : Cortex-A Device cause : null
2025-03-28 17:36:52,010 [WARN] ConditionMgr:1044 - genDependencies : Invalid condition id : Cortex-A Device cause : null
2025-03-28 17:36:52,010 [INFO] PopulateThirdPartyThread:66 - Ending populate Thread
2025-03-28 17:36:52,012 [INFO] ThirdParty:1030 - CMSIS Pack Vendor :STMicroelectronics X-CUBE-AZRTOS-H7 3.3.0
2025-03-28 17:36:52,013 [INFO] ThirdParty:1030 - CMSIS Pack Vendor :STMicroelectronics X-CUBE-NFC9 1.0.0
2025-03-28 17:36:52,013 [INFO] ThirdParty:1030 - CMSIS Pack Vendor :STMicroelectronics FP-SNS-MOTENVWB1 1.4.0
2025-03-28 17:36:52,013 [INFO] ThirdParty:1030 - CMSIS Pack Vendor :STMicroelectronics X-CUBE-AZRTOS-F4 1.1.0
2025-03-28 17:36:52,013 [INFO] ThirdParty:1030 - CMSIS Pack Vendor :STMicroelectronics FP-ATR-ASTRA1 2.0.2
2025-03-28 17:36:52,013 [INFO] ThirdParty:1030 - CMSIS Pack Vendor :STMicroelectronics X-CUBE-BLE1 7.1.0
2025-03-28 17:36:52,013 [INFO] ThirdParty:1030 - CMSIS Pack Vendor :STMicroelectronics X-CUBE-SMBUS 2.1.0
2025-03-28 17:36:52,013 [INFO] ThirdParty:1030 - CMSIS Pack Vendor :STMicroelectronics X-CUBE-WB05N 1.1.0
2025-03-28 17:36:52,013 [INFO] ThirdParty:1030 - CMSIS Pack Vendor :wolfSSL I-CUBE-wolfMQTT 1.19.2
2025-03-28 17:36:52,013 [INFO] ThirdParty:1030 - CMSIS Pack Vendor :STMicroelectronics X-CUBE-ISPU 2.1.0
2025-03-28 17:36:52,013 [INFO] ThirdParty:1030 - CMSIS Pack Vendor :STMicroelectronics X-CUBE-AZRTOS-WB 2.0.0
2025-03-28 17:36:52,013 [INFO] ThirdParty:1030 - CMSIS Pack Vendor :STMicroelectronics X-CUBE-GNSS1 7.0.1
2025-03-28 17:36:52,013 [INFO] ThirdParty:1030 - CMSIS Pack Vendor :STMicroelectronics X-CUBE-TOUCHGFX 4.25.0
2025-03-28 17:36:52,013 [INFO] ThirdParty:1030 - CMSIS Pack Vendor :STMicroelectronics X-CUBE-AZRTOS-F7 1.1.0
2025-03-28 17:36:52,013 [INFO] ThirdParty:1030 - CMSIS Pack Vendor :STMicroelectronics X-CUBE-AZRTOS-L5 2.0.0
2025-03-28 17:36:52,013 [INFO] ThirdParty:1030 - CMSIS Pack Vendor :STMicroelectronics X-CUBE-NFC6 3.1.0
2025-03-28 17:36:52,013 [INFO] ThirdParty:1030 - CMSIS Pack Vendor :STMicroelectronics FP-SNS-STBOX1 2.0.0
2025-03-28 17:36:52,013 [INFO] ThirdParty:1030 - CMSIS Pack Vendor :STMicroelectronics X-CUBE-AZRTOS-G0 1.1.0
2025-03-28 17:36:52,013 [INFO] ThirdParty:1030 - CMSIS Pack Vendor :STMicroelectronics X-CUBE-NFC4 3.0.0
2025-03-28 17:36:52,013 [INFO] ThirdParty:1030 - CMSIS Pack Vendor :STMicroelectronics X-CUBE-SAFEA1 1.2.2
2025-03-28 17:36:52,013 [INFO] ThirdParty:1030 - CMSIS Pack Vendor :STMicroelectronics X-CUBE-SUBG2 5.0.0
2025-03-28 17:36:52,013 [INFO] ThirdParty:1030 - CMSIS Pack Vendor :STMicroelectronics X-CUBE-AZRTOS-H7RS 1.1.0
2025-03-28 17:36:52,013 [INFO] ThirdParty:1030 - CMSIS Pack Vendor :EmbeddedOffice I-CUBE-FS-RTOS 1.0.1
2025-03-28 17:36:52,013 [INFO] ThirdParty:1030 - CMSIS Pack Vendor :Cesanta I-CUBE-Mongoose 7.13.0
2025-03-28 17:36:52,013 [INFO] ThirdParty:1030 - CMSIS Pack Vendor :Infineon AIROC-Wi-Fi-Bluetooth-STM32 1.7.0
2025-03-28 17:36:52,013 [INFO] ThirdParty:1030 - CMSIS Pack Vendor :STMicroelectronics X-CUBE-AZRTOS-G4 2.0.0
2025-03-28 17:36:52,013 [INFO] ThirdParty:1030 - CMSIS Pack Vendor :wolfSSL I-CUBE-wolfTPM 3.8.0
2025-03-28 17:36:52,013 [INFO] ThirdParty:1030 - CMSIS Pack Vendor :STMicroelectronics X-CUBE-DISPLAY 3.0.0
2025-03-28 17:36:52,013 [INFO] ThirdParty:1030 - CMSIS Pack Vendor :wolfSSL I-CUBE-wolfSSH 1.4.20
2025-03-28 17:36:52,013 [INFO] ThirdParty:1030 - CMSIS Pack Vendor :STMicroelectronics X-CUBE-TCPP 4.2.0
2025-03-28 17:36:52,013 [INFO] ThirdParty:1030 - CMSIS Pack Vendor :RealThread X-CUBE-RT-Thread_Nano 4.1.1
2025-03-28 17:36:52,013 [INFO] ThirdParty:1030 - CMSIS Pack Vendor :STMicroelectronics FP-ATR-SIGFOX1 3.2.0
2025-03-28 17:36:52,013 [INFO] ThirdParty:1030 - CMSIS Pack Vendor :STMicroelectronics X-CUBE-NFC10 1.0.0
2025-03-28 17:36:52,013 [INFO] ThirdParty:1030 - CMSIS Pack Vendor :STMicroelectronics X-CUBE-BLEMGR 4.0.0
2025-03-28 17:36:52,014 [INFO] ThirdParty:1030 - CMSIS Pack Vendor :STMicroelectronics X-CUBE-EEPRMA1 5.1.0
2025-03-28 17:36:52,014 [INFO] ThirdParty:1030 - CMSIS Pack Vendor :STMicroelectronics X-CUBE-ALS 1.0.2
2025-03-28 17:36:52,014 [INFO] ThirdParty:1030 - CMSIS Pack Vendor :STMicroelectronics X-CUBE-IPS 3.1.0
2025-03-28 17:36:52,014 [INFO] ThirdParty:1030 - CMSIS Pack Vendor :STMicroelectronics X-CUBE-FREERTOS 1.3.0
2025-03-28 17:36:52,014 [INFO] ThirdParty:1030 - CMSIS Pack Vendor :emotas I-CUBE-CANOPEN 1.3.0
2025-03-28 17:36:52,014 [INFO] ThirdParty:1030 - CMSIS Pack Vendor :STMicroelectronics X-CUBE-NFC7 1.0.1
2025-03-28 17:36:52,014 [INFO] ThirdParty:1030 - CMSIS Pack Vendor :wolfSSL I-CUBE-wolfSSL 5.7.6
2025-03-28 17:36:52,014 [INFO] ThirdParty:1030 - CMSIS Pack Vendor :ITTIA_DB I-CUBE-ITTIADB 8.9.0
2025-03-28 17:36:52,014 [INFO] ThirdParty:1030 - CMSIS Pack Vendor :portGmbH I-Cube-SoM-uGOAL 1.1.0
2025-03-28 17:36:52,014 [INFO] ThirdParty:1030 - CMSIS Pack Vendor :STMicroelectronics X-CUBE-AI 10.0.0
2025-03-28 17:36:52,014 [INFO] ThirdParty:1030 - CMSIS Pack Vendor :quantropi X-CUBE-qispace-sdk-base 2.0.0
2025-03-28 17:36:52,014 [INFO] ThirdParty:1030 - CMSIS Pack Vendor :STMicroelectronics FP-SNS-SMARTAG2 1.2.0
2025-03-28 17:36:52,014 [INFO] ThirdParty:1030 - CMSIS Pack Vendor :STMicroelectronics FP-SNS-FLIGHT1 5.1.0
2025-03-28 17:36:52,014 [INFO] ThirdParty:1030 - CMSIS Pack Vendor :STMicroelectronics X-CUBE-MEMS1 11.1.0
2025-03-28 17:36:52,014 [INFO] ThirdParty:1030 - CMSIS Pack Vendor :STMicroelectronics X-CUBE-AZRTOS-WL 2.0.0
2025-03-28 17:36:52,014 [INFO] ThirdParty:1030 - CMSIS Pack Vendor :SEGGER I-CUBE-embOS 1.3.1
2025-03-28 17:36:52,014 [INFO] ThirdParty:1030 - CMSIS Pack Vendor :STMicroelectronics X-CUBE-DPower 1.3.0
2025-03-28 17:36:52,014 [INFO] ThirdParty:1030 - CMSIS Pack Vendor :STMicroelectronics X-CUBE-ALGOBUILD 1.4.0
2025-03-28 17:36:52,014 [INFO] ThirdParty:1030 - CMSIS Pack Vendor :STMicroelectronics FP-SNS-MOTENV1 5.0.0
2025-03-28 17:36:52,014 [INFO] ThirdParty:1030 - CMSIS Pack Vendor :STMicroelectronics X-CUBE-AZRTOS-L4 2.0.0
2025-03-28 17:36:52,014 [INFO] ThirdParty:1030 - CMSIS Pack Vendor :WES I-CUBE-Cesium 1.3.0
2025-03-28 17:36:52,014 [INFO] ThirdParty:1030 - CMSIS Pack Vendor :STMicroelectronics X-CUBE-SFXS2LP1 4.0.0
2025-03-28 17:36:52,014 [INFO] ThirdParty:1030 - CMSIS Pack Vendor :STMicroelectronics X-CUBE-BLE2 3.3.0
2025-03-28 17:36:52,014 [INFO] ThirdParty:1030 - CMSIS Pack Vendor :STMicroelectronics X-CUBE-TOF1 3.4.2
2025-03-28 17:36:52,015 [INFO] LoadServerUpdatesThread:375 - End of LoadServerUpdate Thread
2025-03-28 17:36:59,627 [INFO] McuFinderGlobals:63 - Set McuFinder mode to 2 (CubeIDE integrated)
2025-03-28 17:36:59,628 [INFO] MainUpdater:2872 - connection check result : 10
2025-03-28 17:36:59,628 [INFO] McuFinderGlobals:76 - Set McuFinderConnectedMode to true
2025-03-28 17:37:00,268 [INFO] ServerAccessManage:473 - Download File mcusAds.json._tmp_
2025-03-28 17:37:00,372 [INFO] LoadUrlFilesThread:156 - End of LoadUrlFiles Thread
2025-03-28 17:37:00,609 [INFO] ServerAccessManage:473 - Download File cube-finder-db.zip
2025-03-28 17:37:04,563 [INFO] FileExtend:242 - Unzip File : cube-finder-db.zip
2025-03-28 17:37:04,563 [INFO] FileExtend:257 - Standard Zip Deflate
2025-03-28 17:37:04,987 [INFO] LoadUrlFilesThread:156 - End of LoadUrlFiles Thread
2025-03-28 17:37:05,770 [INFO] ServerAccessManage:473 - Download File crdb.zip
2025-03-28 17:37:05,941 [INFO] FileExtend:242 - Unzip File : crdb.zip
2025-03-28 17:37:05,941 [INFO] FileExtend:257 - Standard Zip Deflate
2025-03-28 17:37:06,061 [INFO] LoadUrlFilesThread:156 - End of LoadUrlFiles Thread
2025-03-28 17:37:06,229 [INFO] ServerAccessManage:473 - Download File tutoVideoDB.zip
2025-03-28 17:37:06,244 [INFO] FileExtend:242 - Unzip File : tutoVideoDB.zip
2025-03-28 17:37:06,245 [INFO] FileExtend:257 - Standard Zip Deflate
2025-03-28 17:37:06,347 [INFO] LoadUrlFilesThread:156 - End of LoadUrlFiles Thread
2025-03-28 17:37:06,349 [WARN] DbFile:41 - Overriding database path with different value: /home/lapka/.stmcufinder/plugins/mcufinder/ => /home/lapka/.stmcufinder/plugins/mcufinder
2025-03-28 17:37:06,496 [INFO] ServerAccessManage:473 - Download File api_config.json
2025-03-28 17:37:06,598 [INFO] LoadUrlFilesThread:156 - End of LoadUrlFiles Thread
2025-03-28 17:37:06,599 [INFO] DbMcusAds:53 - JSON generation date=Thu Mar 06 15:54:21 CET 2025 (1741272861825)
2025-03-28 17:37:06,710 [INFO] ServerAccessManage:473 - Download File 
2025-03-28 17:37:06,775 [INFO] LoadUrlFilesThread:185 - End of LoadServerUrlFiles without Thread
2025-03-28 17:37:06,775 [INFO] TargetSelectorAdapter:259 - Refresh data is successful
2025-03-28 17:37:06,819 [INFO] ApiDb:581 - Connected to CubeFinder SQLite database (/home/lapka/.stmcufinder/plugins/mcufinder/mcu/cube-finder-db.db)
2025-03-28 17:37:06,849 [INFO] ApiDb:668 - CubeFinder database Data Model version=2.1
2025-03-28 17:37:06,849 [INFO] ApiDb:669 - CubeFinder database Configuration version=3.0.39
2025-03-28 17:37:06,849 [INFO] ApiDb:670 - CubeFinder database generation date=2025-03-24 (1742811287)
2025-03-28 17:37:06,849 [INFO] ApiDb:671 - CubeFinder database FW Pack versions=[FP-ATR-ASTRA1_V2.0.0, FP-SNS-FLIGHT1_V5.0.2, FP-SNS-MOTENV1_V5.0.0, FP-SNS-MOTENVWB1_V1.4.0, FP-SNS-SMARTAG2_V1.2.0, FP-SNS-STBOX1_V2.0.0, STM32Cube_FW_C0_V1.4.0, STM32Cube_FW_F4_V1.28.1, STM32Cube_FW_F7_V1.17.2, STM32Cube_FW_G0_V1.6.2, STM32Cube_FW_G4_V1.6.1, STM32Cube_FW_H5_V1.5.0, STM32Cube_FW_H7RS_V1.2.0, STM32Cube_FW_H7_V1.12.1, STM32Cube_FW_L0_V1.12.2, STM32Cube_FW_L4_V1.18.1, STM32Cube_FW_L5_V1.5.1, STM32Cube_FW_N6_V1.1.0, STM32Cube_FW_U0_V1.2.0, STM32Cube_FW_U3_V1.1.0, STM32Cube_FW_U5_V1.7.0, STM32Cube_FW_WB0_V1.2.0, STM32Cube_FW_WBA_V1.6.0, STM32Cube_FW_WB_V1.22.0, STM32Cube_FW_WL3_V1.1.0, STM32Cube_FW_WL_V1.3.1, X-CUBE-ALGOBUILD_V1.4.0, X-CUBE-ALS_V1.0.2, X-CUBE-AZRTOS-F4_V1.1.0, X-CUBE-AZRTOS-F7_V1.1.0, X-CUBE-AZRTOS-G0_V1.1.0, X-CUBE-AZRTOS-G4_V2.0.0, X-CUBE-AZRTOS-H7RS_V1.0.0, X-CUBE-AZRTOS-H7_V3.3.0, X-CUBE-AZRTOS-L4_V2.0.0, X-CUBE-AZRTOS-L5_V2.0.0, X-CUBE-AZRTOS-WB_V2.0.0, X-CUBE-AZRTOS-WL_V2.0.0, X-CUBE-BLE1_V7.1.0, X-CUBE-BLE2_V3.3.0, X-CUBE-BLEMGR_V4.0.0, X-CUBE-EEPRMA1_V5.1.0, X-CUBE-FREERTOS_V1.3.0, X-CUBE-GNSS1_V6.0.0, X-CUBE-MEMS1_V11.1.0, X-CUBE-NFC4_V3.0.0, X-CUBE-NFC7_V1.0.1, X-CUBE-SFXS2LP1_V4.0.0, X-CUBE-SUBG2_V5.0.0, X-CUBE-TOF1_V3.4.2]
2025-03-28 17:37:08,392 [INFO] ApiDb:240 - Found 895 in-development CPN: [B-G473E-ZEST1S, B-WB1M-WPAN1, B-WBA5M-WPAN, B-WL5M-SUBG1, NUCLEO-C031C6, NUCLEO-C051C8, NUCLEO-C071RB, NUCLEO-C092RC, NUCLEO-H503RB, NUCLEO-H533RE, NUCLEO-H563ZI, NUCLEO-H7S3L8, NUCLEO-N657X0-Q, NUCLEO-U031R8, NUCLEO-U083RC, NUCLEO-U385RG-Q, NUCLEO-U545RE-Q, NUCLEO-U5A5ZJ-Q, NUCLEO-WB05KZ, NUCLEO-WB07CC, NUCLEO-WB09KE, NUCLEO-WBA52CG, NUCLEO-WBA55CG, NUCLEO-WBA65RI, NUCLEO-WL33CC1, NUCLEO-WL33CC2, STEVAL-PROTEUS1, STEVAL-SMARTAG2, STEVAL-STWINBX1, STM320518-EVAL, STM32C0116-DK, STM32C011D6Y3TR, STM32C011D6Y6TR, STM32C011F4P3, STM32C011F4P6, STM32C011F4U3, STM32C011F4U6TR, STM32C011F6P3, STM32C011F6P6, STM32C011F6U3, STM32C011F6U6TR, STM32C011J4M3, STM32C011J4M6, STM32C011J6M3, STM32C011J6M6, STM32C0316-DK, STM32C031C4T3, STM32C031C4T6, STM32C031C4U3, STM32C031C4U6, STM32C031C6T3, STM32C031C6T6, STM32C031C6U3, STM32C031C6U6, STM32C031F4P3, STM32C031F4P6, STM32C031F6P3, STM32C031F6P6, STM32C031G4U3, STM32C031G4U6, STM32C031G6U3, STM32C031G6U6, STM32C031K4T3, STM32C031K4T6, STM32C031K4U3, STM32C031K4U6, STM32C031K6T3, STM32C031K6T6, STM32C031K6U3, STM32C031K6U6, STM32C051C6T6, STM32C051C6U6, STM32C051C8T6, STM32C051C8U6, STM32C051D8Y6TR, STM32C051F6P6, STM32C051F8P6, STM32C051G6U6, STM32C051G8U6, STM32C051K6T6, STM32C051K6U6, STM32C051K8T6, STM32C071C8T6, STM32C071C8T6N, STM32C071C8U6, STM32C071C8U6N, STM32C071CBT6, STM32C071CBT6N, STM32C071CBU6, STM32C071CBU6N, STM32C071F8P6, STM32C071F8P6N, STM32C071FBP6, STM32C071FBP6N, STM32C071FBY6TR, STM32C071G8U6, STM32C071G8U6N, STM32C071GBU6, STM32C071GBU6N, STM32C071K8T6, STM32C071K8T6N, STM32C071K8U6, STM32C071K8U6N, STM32C071KBT6, STM32C071KBT6N, STM32C071KBU6, STM32C071KBU6N, STM32C071R8T6, STM32C071R8T6N, STM32C071RBI6N, STM32C071RBT6, STM32C071RBT6N, STM32C091CBT6, STM32C091CBU6, STM32C091CCT6, STM32C091CCU6, STM32C091ECY6TR, STM32C091FBP6, STM32C091FCP6, STM32C091GBU6, STM32C091GCU6, STM32C091KBT6, STM32C091KBU6, STM32C091KCT6, STM32C091KCU6, STM32C091RBT6, STM32C091RCI6, STM32C091RCT6, STM32C092CBT6, STM32C092CBU6, STM32C092CCT6, STM32C092CCU6, STM32C092ECY6TR, STM32C092FBP6, STM32C092FCP6, STM32C092GBU6, STM32C092GCU6, STM32C092KBT6, STM32C092KBU6, STM32C092KCT6, STM32C092KCU6, STM32C092RBT6, STM32C092RCI6, STM32C092RCT6, STM32G071K8TXN, STM32G071K8UXN, STM32G081GBU6N, STM32G081KBT6N, STM32G081KBUXN, STM32G0B1CCT6N, STM32G0B1KCT6, STM32G0B1NEY6TR, STM32G0B1RCT6N, STM32G0C1CCT6, STM32G0C1CCT6N, STM32G0C1CCU6N, STM32G0C1CET6N, STM32G0C1CEU6N, STM32G0C1KCT6, STM32G0C1NEY6TR, STM32G0C1RCI6N, STM32G0C1RCT6N, STM32G0C1REI6N, STM32G0C1RET6N, STM32G0C1VCI6, STM32G0C1VEI6, STM32G411C6T3, STM32G411C6T6, STM32G411C6U3, STM32G411C6U6, STM32G411C8T3, STM32G411C8T6, STM32G411C8U3, STM32G411C8U6, STM32G411CBT3, STM32G411CBT6, STM32G411CBU3, STM32G411CBU6, STM32G411CCT3, STM32G411CCT6, STM32G411CCU3, STM32G411CCU6, STM32G411K6T3, STM32G411K6T6, STM32G411K6U3, STM32G411K6U6, STM32G411K8T3, STM32G411K8T6, STM32G411K8U3, STM32G411K8U6, STM32G411KBT3, STM32G411KBT6, STM32G411KBU3, STM32G411KBU6, STM32G411M6T3, STM32G411M6T6, STM32G411M8T3, STM32G411M8T6, STM32G411MBT3, STM32G411MBT6, STM32G411MCT3, STM32G411MCT6, STM32G411R6T3, STM32G411R6T6, STM32G411R8T3, STM32G411R8T6, STM32G411RBT3, STM32G411RBT6, STM32G411RCT3, STM32G411RCT6, STM32G414CBT3, STM32G414CBT6, STM32G414CBU3, STM32G414CBU6, STM32G414CCT3, STM32G414CCT6, STM32G414CCU3, STM32G414CCU6, STM32G414MBT3, STM32G414MBT6, STM32G414MCT3, STM32G414MCT6, STM32G414RBT3, STM32G414RBT6, STM32G414RCT3, STM32G414RCT6, STM32G414VBT3, STM32G414VBT6, STM32G414VCT3, STM32G414VCT6, STM32G431CBT3Z, STM32G431RBT3Z, STM32G471CCT6, STM32G471CCU6, STM32G471CET3, STM32G471CET6, STM32G471CEU3, STM32G471CEU6, STM32G471MCT6, STM32G471MET3, STM32G471MET6, STM32G471MEY6TR, STM32G471QCT6, STM32G471QET3, STM32G471RCT6, STM32G471RET3, STM32G471RET6, STM32G471VCH6, STM32G471VCI6, STM32G471VCT6, STM32G471VEH3, STM32G471VEH6, STM32G471VEI3, STM32G471VEI6, STM32G471VET3, STM32G471VET6, STM32G473QET3Z, STM32G473RET3Z, STM32G474CCT6, STM32G491RET3Z, STM32H503CBT6, STM32H503CBU6, STM32H503EBY6TR, STM32H503KBU6, STM32H503RBT6, STM32H523CCT6, STM32H523CCU6, STM32H523CET6, STM32H523CEU6, STM32H523HEY6TR, STM32H523RCT6, STM32H523RET6, STM32H523VCI6, STM32H523VCT6, STM32H523VEI6, STM32H523VET6, STM32H523ZCJ6, STM32H523ZCT6, STM32H523ZEJ6, STM32H523ZET6, STM32H533CET6, STM32H533CEU6, STM32H533HEY6TR, STM32H533RET6, STM32H533VEI6, STM32H533VET6, STM32H533ZEJ6, STM32H533ZET6, STM32H562AGI6, STM32H562AII6, STM32H562IGK6, STM32H562IGT6, STM32H562IIK6, STM32H562IIT6, STM32H562RGT6, STM32H562RGV6, STM32H562RIT6, STM32H562RIV6, STM32H562VGT6, STM32H562VIT6, STM32H562ZGT6, STM32H562ZIT6, STM32H563AGI6, STM32H563AII3Q, STM32H563AII6, STM32H563IGK6, STM32H563IGT6, STM32H563IIK3Q, STM32H563IIK6, STM32H563IIT3Q, STM32H563IIT6, STM32H563MIY3QTR, STM32H563RGT6, STM32H563RGV6, STM32H563RIT6, STM32H563RIV6, STM32H563VGT6, STM32H563VIT3Q, STM32H563VIT6, STM32H563ZGT6, STM32H563ZIT3Q, STM32H563ZIT6, STM32H573AII3Q, STM32H573AII6, STM32H573I-DK, STM32H573IIK3Q, STM32H573IIK6, STM32H573IIT3Q, STM32H573IIT6, STM32H573MIY3QTR, STM32H573RIT6, STM32H573RIV6, STM32H573VIT3Q, STM32H573VIT6, STM32H573ZIT3Q, STM32H573ZIT6, STM32H7R3A8I6, STM32H7R3I8K6, STM32H7R3I8T6, STM32H7R3L8H6, STM32H7R3L8H6H, STM32H7R3R8V6, STM32H7R3V8H6, STM32H7R3V8T6, STM32H7R3V8Y6TR, STM32H7R3Z8J6, STM32H7R3Z8T6, STM32H7R7A8I6, STM32H7R7I8K6, STM32H7R7I8T6, STM32H7R7L8H6, STM32H7R7L8H6H, STM32H7R7Z8J6, STM32H7S3A8I6, STM32H7S3I8K6, STM32H7S3I8T6, STM32H7S3L8H6, STM32H7S3L8H6H, STM32H7S3R8V6, STM32H7S3V8H6, STM32H7S3V8T6, STM32H7S3V8Y6TR, STM32H7S3Z8J6, STM32H7S3Z8T6, STM32H7S78-DK, STM32H7S7A8I6, STM32H7S7I8K6, STM32H7S7I8T6, STM32H7S7L8H6, STM32H7S7L8H6H, STM32H7S7Z8J6, STM32L4R5QGI6STR, STM32MP131AAE3, STM32MP131AAF3, STM32MP131AAG3, STM32MP131CAE3, STM32MP131CAF3, STM32MP131CAG3, STM32MP131DAE7, STM32MP131DAF7, STM32MP131DAG7, STM32MP131FAE7, STM32MP131FAF7, STM32MP131FAG7, STM32MP133AAE3, STM32MP133AAF3, STM32MP133AAG3, STM32MP133CAE3, STM32MP133CAF3, STM32MP133CAG3, STM32MP133DAE7, STM32MP133DAF7, STM32MP133DAG7, STM32MP133FAE7, STM32MP133FAF7, STM32MP133FAG7, STM32MP135AAE3, STM32MP135AAF3, STM32MP135AAG3, STM32MP135CAE3, STM32MP135CAF3, STM32MP135CAG3, STM32MP135DAE7, STM32MP135DAF7, STM32MP135DAG7, STM32MP135F-DK, STM32MP135FAE7, STM32MP135FAF7, STM32MP135FAF7T, STM32MP135FAF7U, STM32MP135FAG7, STM32MP231AAJ3, STM32MP231AAK3, STM32MP231AAL3, STM32MP231CAJ3, STM32MP231CAK3, STM32MP231CAL3, STM32MP231DAJ3, STM32MP231DAK3, STM32MP231DAL3, STM32MP231FAJ3, STM32MP231FAK3, STM32MP231FAL3, STM32MP233AAJ3, STM32MP233AAK3, STM32MP233AAL3, STM32MP233CAJ3, STM32MP233CAK3, STM32MP233CAL3, STM32MP233DAJ3, STM32MP233DAK3, STM32MP233DAL3, STM32MP233FAJ3, STM32MP233FAK3, STM32MP233FAL3, STM32MP235AAJ3, STM32MP235AAK3, STM32MP235AAL3, STM32MP235CAJ3, STM32MP235CAK3, STM32MP235CAL3, STM32MP235DAJ3, STM32MP235DAK3, STM32MP235DAL3, STM32MP235FAJ3, STM32MP235FAK3, STM32MP235FAL3, STM32MP251AAI3, STM32MP251AAJ3, STM32MP251AAK3, STM32MP251AAL3, STM32MP251CAI3, STM32MP251CAJ3, STM32MP251CAK3, STM32MP251CAL3, STM32MP251DAI3, STM32MP251DAJ3, STM32MP251DAK3, STM32MP251DAL3, STM32MP251FAI3, STM32MP251FAJ3, STM32MP251FAK3, STM32MP251FAL3, STM32MP253AAI3, STM32MP253AAJ3, STM32MP253AAK3, STM32MP253AAL3, STM32MP253CAI3, STM32MP253CAJ3, STM32MP253CAK3, STM32MP253CAL3, STM32MP253DAI3, STM32MP253DAJ3, STM32MP253DAK3, STM32MP253DAL3, STM32MP253FAI3, STM32MP253FAJ3, STM32MP253FAK3, STM32MP253FAL3, STM32MP255AAI3, STM32MP255AAJ3, STM32MP255AAK3, STM32MP255AAL3, STM32MP255CAI3, STM32MP255CAJ3, STM32MP255CAK3, STM32MP255CAL3, STM32MP255DAI3, STM32MP255DAJ3, STM32MP255DAK3, STM32MP255DAL3, STM32MP255FAI3, STM32MP255FAJ3, STM32MP255FAK3, STM32MP255FAL3, STM32MP257AAI3, STM32MP257AAJ3, STM32MP257AAK3, STM32MP257AAL3, STM32MP257CAI3, STM32MP257CAJ3, STM32MP257CAK3, STM32MP257CAL3, STM32MP257DAI3, STM32MP257DAJ3, STM32MP257DAK3, STM32MP257DAL3, STM32MP257F-DK, STM32MP257F-EV1, STM32MP257FAI3, STM32MP257FAJ3, STM32MP257FAK3, STM32MP257FAL3, STM32N645A0H3Q, STM32N645B0H3Q, STM32N645I0H3Q, STM32N645L0H3Q, STM32N645X0H3Q, STM32N645Z0H3Q, STM32N647A0H3Q, STM32N647B0H3Q, STM32N647I0H3Q, STM32N647L0H3Q, STM32N647X0H3Q, STM32N647Z0H3Q, STM32N655A0H3Q, STM32N655B0H3Q, STM32N655I0H3Q, STM32N655L0H3Q, STM32N655X0H3Q, STM32N655Z0H3Q, STM32N6570-DK, STM32N657A0H3Q, STM32N657B0H3Q, STM32N657I0H3Q, STM32N657L0H3Q, STM32N657X0H3Q, STM32N657Z0H3Q, STM32U031C6T6, STM32U031C6U6, STM32U031C8T6, STM32U031C8U6, STM32U031F4P6, STM32U031F6P6, STM32U031F8P6, STM32U031G6Y6TR, STM32U031G8Y6TR, STM32U031K4U6, STM32U031K6U6, STM32U031K8U6, STM32U031R6I6, STM32U031R6T6, STM32U031R8I6, STM32U031R8T6, STM32U073C8T6, STM32U073C8U6, STM32U073CBT6, STM32U073CBU6, STM32U073CCT6, STM32U073CCU6, STM32U073H8Y6TR, STM32U073HBY6TR, STM32U073HCY6TR, STM32U073K8U6, STM32U073KBU6, STM32U073KCU6, STM32U073M8I6, STM32U073M8T6, STM32U073MBI6, STM32U073MBT6, STM32U073MCI6, STM32U073MCT6, STM32U073R8I6, STM32U073R8T6, STM32U073RBI6, STM32U073RBT6, STM32U073RCI6, STM32U073RCT6, STM32U083C-DK, STM32U083CCT6, STM32U083CCU6, STM32U083HCY6TR, STM32U083KCU6, STM32U083MCI6, STM32U083MCT6, STM32U083RCI6, STM32U083RCT6, STM32U375CET6, STM32U375CET6Q, STM32U375CEU6, STM32U375CEU6Q, STM32U375CEY6QTR, STM32U375CGT6, STM32U375CGT6Q, STM32U375CGU6, STM32U375CGU6Q, STM32U375CGY6QTR, STM32U375KEU6, STM32U375KGU6, STM32U375REI6, STM32U375REI6Q, STM32U375RET6, STM32U375RET6Q, STM32U375REY6GTR, STM32U375REY6QTR, STM32U375RGI6, STM32U375RGI6Q, STM32U375RGT6, STM32U375RGT6Q, STM32U375RGY6GTR, STM32U375RGY6QTR, STM32U375VEI6, STM32U375VEI6Q, STM32U375VET6, STM32U375VET6Q, STM32U375VGI6, STM32U375VGI6Q, STM32U375VGT6, STM32U375VGT6Q, STM32U385CGT6, STM32U385CGT6Q, STM32U385CGU6, STM32U385CGU6Q, STM32U385CGY6QTR, STM32U385KGU6, STM32U385RGI6, STM32U385RGI6Q, STM32U385RGT6, STM32U385RGT6Q, STM32U385RGY6GTR, STM32U385RGY6QTR, STM32U385VGI6, STM32U385VGI6Q, STM32U385VGT6, STM32U385VGT6Q, STM32U535CBT6, STM32U535CBT6Q, STM32U535CBU6, STM32U535CBU6Q, STM32U535CCT6, STM32U535CCT6Q, STM32U535CCU6, STM32U535CCU6Q, STM32U535CET6, STM32U535CET6Q, STM32U535CEU6, STM32U535CEU6Q, STM32U535JEY6QTR, STM32U535NCY6QTR, STM32U535NEY6QTR, STM32U535RBI6, STM32U535RBI6Q, STM32U535RBT6, STM32U535RBT6Q, STM32U535RCI6, STM32U535RCI6Q, STM32U535RCT6, STM32U535RCT6Q, STM32U535REI6, STM32U535REI6Q, STM32U535RET6, STM32U535RET6Q, STM32U535VCI6, STM32U535VCI6Q, STM32U535VCT6, STM32U535VCT6Q, STM32U535VEI6, STM32U535VEI6Q, STM32U535VET6, STM32U535VET6Q, STM32U545CET6, STM32U545CET6Q, STM32U545CEU6, STM32U545CEU6Q, STM32U545JEY6QTR, STM32U545NEY6QTR, STM32U545REI6, STM32U545REI6Q, STM32U545RET6, STM32U545RET6Q, STM32U545VEI6, STM32U545VEI6Q, STM32U545VET6, STM32U545VET6Q, STM32U595AIH6, STM32U595AIH6Q, STM32U595AJH6, STM32U595AJH6Q, STM32U595QII6, STM32U595QII6Q, STM32U595QJI6, STM32U595QJI6Q, STM32U595RIT6, STM32U595RIT6Q, STM32U595RJT6, STM32U595RJT6Q, STM32U595VIT6, STM32U595VIT6Q, STM32U595VJT6, STM32U595VJT6Q, STM32U595ZIT6, STM32U595ZIT6Q, STM32U595ZIY6QTR, STM32U595ZJT6, STM32U595ZJT6Q, STM32U595ZJY6QTR, STM32U599BJY6QTR, STM32U599NIH6Q, STM32U599NJH6Q, STM32U599VIT6Q, STM32U599VJT6, STM32U599VJT6Q, STM32U599ZIT6Q, STM32U599ZIY6QTR, STM32U599ZJT6Q, STM32U599ZJY6QTR, STM32U5A5AJH6, STM32U5A5AJH6Q, STM32U5A5QII3Q , STM32U5A5QJI6, STM32U5A5QJI6Q, STM32U5A5RJT6, STM32U5A5RJT6Q, STM32U5A5VJT6, STM32U5A5VJT6Q, STM32U5A5ZJT6, STM32U5A5ZJT6Q, STM32U5A5ZJY6QTR, STM32U5A9BJY6QTR, STM32U5A9J-DK, STM32U5A9NJH6Q, STM32U5A9VJT6Q, STM32U5A9ZJT6Q, STM32U5A9ZJY6QTR, STM32U5F7VIT6, STM32U5F7VIT6Q, STM32U5F7VJT6, STM32U5F7VJT6Q, STM32U5F9BJY6QTR, STM32U5F9NJH6Q, STM32U5F9VIT6Q, STM32U5F9VJT6Q, STM32U5F9ZIJ6QTR, STM32U5F9ZIT6Q, STM32U5F9ZJJ6QTR, STM32U5F9ZJT6Q, STM32U5G7VJT6, STM32U5G7VJT6Q, STM32U5G9BJY6QTR, STM32U5G9J-DK1, STM32U5G9J-DK2, STM32U5G9NJH6Q, STM32U5G9VJT6Q, STM32U5G9ZJJ6QTR, STM32U5G9ZJT6Q, STM32WB05KZV6TR, STM32WB05KZV7TR, STM32WB05TZF6TR, STM32WB05TZF7TR, STM32WB06CCF6TR, STM32WB06CCF7TR, STM32WB06CCV6TR, STM32WB06CCV7TR, STM32WB06KCV6TR, STM32WB06KCV7TR, STM32WB07CCF6TR, STM32WB07CCF7TR, STM32WB07CCV6TR, STM32WB07CCV7TR, STM32WB07KCV6TR, STM32WB07KCV7TR, STM32WB09KEV6TR, STM32WB09KEV7TR, STM32WB09TEF6TR, STM32WB09TEF7TR, STM32WB1MMCH6, STM32WBA50KGU6, STM32WBA50KGU6TR, STM32WBA52CEU6, STM32WBA52CEU6TR, STM32WBA52CEU7, STM32WBA52CEU7TR, STM32WBA52CGU6, STM32WBA52CGU6TR, STM32WBA52CGU6U, STM32WBA52CGU7, STM32WBA52CGU7TR, STM32WBA52KEU6, STM32WBA52KEU6TR, STM32WBA52KGU6, STM32WBA52KGU6TR, STM32WBA54CEU6, STM32WBA54CEU6TR, STM32WBA54CEU7, STM32WBA54CEU7TR, STM32WBA54CGU6, STM32WBA54CGU6TR, STM32WBA54CGU7, STM32WBA54CGU7TR, STM32WBA54KEU6, STM32WBA54KEU6TR, STM32WBA54KEU7, STM32WBA54KEU7TR, STM32WBA54KGU6, STM32WBA54KGU6TR, STM32WBA54KGU7, STM32WBA54KGU7TR, STM32WBA55CEU6, STM32WBA55CEU6TR, STM32WBA55CEU7, STM32WBA55CEU7TR, STM32WBA55CGU6, STM32WBA55CGU6TR, STM32WBA55CGU6U, STM32WBA55CGU7, STM32WBA55CGU7TR, STM32WBA55G-DK1, STM32WBA55HEF6, STM32WBA55HEF7, STM32WBA55HGF6, STM32WBA55HGF7, STM32WBA55UEI6, STM32WBA55UEI6TR, STM32WBA55UEI7, STM32WBA55UEI7TR, STM32WBA55UGI6, STM32WBA55UGI6TR, STM32WBA55UGI7, STM32WBA55UGI7TR, STM32WBA5MJGH6TR, STM32WBA62CGU6, STM32WBA62CIU6, STM32WBA62MGF6, STM32WBA62MIF6, STM32WBA62PGI6, STM32WBA62PII6, STM32WBA63CGU6, STM32WBA63CGU7, STM32WBA63CIU6, STM32WBA63CIU7, STM32WBA64CGU6, STM32WBA64CGU7, STM32WBA64CIU6, STM32WBA64CIU7, STM32WBA65CGU6, STM32WBA65CGU7, STM32WBA65CIU6, STM32WBA65CIU7, STM32WBA65I-DK1, STM32WBA65MGF6, STM32WBA65MGF7, STM32WBA65MIF6, STM32WBA65MIF7, STM32WBA65PGI6, STM32WBA65PGI7, STM32WBA65PII6, STM32WBA65PII7, STM32WBA65RGV6, STM32WBA65RGV7, STM32WBA65RIV6, STM32WBA65RIV7, STM32WL30K8V6, STM32WL30KBV6, STM32WL31C8V6, STM32WL31CBV6, STM32WL31K8V6, STM32WL31KBV6, STM32WL33C8V6, STM32WL33C8V6TR, STM32WL33C8V7, STM32WL33C8V7TR, STM32WL33CBV6, STM32WL33CBV6TR, STM32WL33CBV7, STM32WL33CBV7TR, STM32WL33CCV6, STM32WL33CCV6TR, STM32WL33CCV7, STM32WL33CCV7A, STM32WL33CCV7ATR, STM32WL33CCV7TR, STM32WL33K8V6, STM32WL33K8V6TR, STM32WL33K8V7, STM32WL33K8V7TR, STM32WL33KBV6, STM32WL33KBV6TR, STM32WL33KBV7, STM32WL33KBV7TR, STM32WL33KCV6, STM32WL33KCV6TR, STM32WL33KCV7, STM32WL33KCV7TR, STM32WL5MOCH6, STM32WL5MOCH6TR]
2025-03-28 17:37:08,395 [INFO] DbMcus:218 - Found 4686 MCUs, 4686 are supported
2025-03-28 17:37:08,395 [INFO] ApiDb:414 - User favorites file not found: /home/lapka/.stm32cubeide/favorites.mcus.txt
2025-03-28 17:37:08,395 [INFO] DbMcus:224 - Set 0 / 0 favorites MCUs
2025-03-28 17:37:08,649 [INFO] ApiDb:668 - CubeFinder database Data Model version=2.1
2025-03-28 17:37:08,649 [INFO] ApiDb:669 - CubeFinder database Configuration version=3.0.39
2025-03-28 17:37:08,649 [INFO] ApiDb:670 - CubeFinder database generation date=2025-03-24 (1742811287)
2025-03-28 17:37:08,649 [INFO] ApiDb:671 - CubeFinder database FW Pack versions=[FP-ATR-ASTRA1_V2.0.0, FP-SNS-FLIGHT1_V5.0.2, FP-SNS-MOTENV1_V5.0.0, FP-SNS-MOTENVWB1_V1.4.0, FP-SNS-SMARTAG2_V1.2.0, FP-SNS-STBOX1_V2.0.0, STM32Cube_FW_C0_V1.4.0, STM32Cube_FW_F4_V1.28.1, STM32Cube_FW_F7_V1.17.2, STM32Cube_FW_G0_V1.6.2, STM32Cube_FW_G4_V1.6.1, STM32Cube_FW_H5_V1.5.0, STM32Cube_FW_H7RS_V1.2.0, STM32Cube_FW_H7_V1.12.1, STM32Cube_FW_L0_V1.12.2, STM32Cube_FW_L4_V1.18.1, STM32Cube_FW_L5_V1.5.1, STM32Cube_FW_N6_V1.1.0, STM32Cube_FW_U0_V1.2.0, STM32Cube_FW_U3_V1.1.0, STM32Cube_FW_U5_V1.7.0, STM32Cube_FW_WB0_V1.2.0, STM32Cube_FW_WBA_V1.6.0, STM32Cube_FW_WB_V1.22.0, STM32Cube_FW_WL3_V1.1.0, STM32Cube_FW_WL_V1.3.1, X-CUBE-ALGOBUILD_V1.4.0, X-CUBE-ALS_V1.0.2, X-CUBE-AZRTOS-F4_V1.1.0, X-CUBE-AZRTOS-F7_V1.1.0, X-CUBE-AZRTOS-G0_V1.1.0, X-CUBE-AZRTOS-G4_V2.0.0, X-CUBE-AZRTOS-H7RS_V1.0.0, X-CUBE-AZRTOS-H7_V3.3.0, X-CUBE-AZRTOS-L4_V2.0.0, X-CUBE-AZRTOS-L5_V2.0.0, X-CUBE-AZRTOS-WB_V2.0.0, X-CUBE-AZRTOS-WL_V2.0.0, X-CUBE-BLE1_V7.1.0, X-CUBE-BLE2_V3.3.0, X-CUBE-BLEMGR_V4.0.0, X-CUBE-EEPRMA1_V5.1.0, X-CUBE-FREERTOS_V1.3.0, X-CUBE-GNSS1_V6.0.0, X-CUBE-MEMS1_V11.1.0, X-CUBE-NFC4_V3.0.0, X-CUBE-NFC7_V1.0.1, X-CUBE-SFXS2LP1_V4.0.0, X-CUBE-SUBG2_V5.0.0, X-CUBE-TOF1_V3.4.2]
2025-03-28 17:37:08,672 [INFO] DbBoardsSqlite:226 - include board P-NUCLEO-WB55-NUCLEO as a kit item of type 'Nucleo-64'
2025-03-28 17:37:08,672 [INFO] DbBoardsSqlite:226 - include board P-NUCLEO-WB55-USBDONGLE as a kit item of type 'Nucleo USB Dongle'
2025-03-28 17:37:08,672 [INFO] DbBoardsSqlite:226 - include board STEVAL-IDP005V1 as a kit item of type 'Evaluation Board'
2025-03-28 17:37:08,672 [INFO] DbBoardsSqlite:226 - include board STEVAL-IDP005V2 as a kit item of type 'Evaluation Board'
2025-03-28 17:37:08,694 [INFO] ApiDb:240 - Found 895 in-development CPN: [B-G473E-ZEST1S, B-WB1M-WPAN1, B-WBA5M-WPAN, B-WL5M-SUBG1, NUCLEO-C031C6, NUCLEO-C051C8, NUCLEO-C071RB, NUCLEO-C092RC, NUCLEO-H503RB, NUCLEO-H533RE, NUCLEO-H563ZI, NUCLEO-H7S3L8, NUCLEO-N657X0-Q, NUCLEO-U031R8, NUCLEO-U083RC, NUCLEO-U385RG-Q, NUCLEO-U545RE-Q, NUCLEO-U5A5ZJ-Q, NUCLEO-WB05KZ, NUCLEO-WB07CC, NUCLEO-WB09KE, NUCLEO-WBA52CG, NUCLEO-WBA55CG, NUCLEO-WBA65RI, NUCLEO-WL33CC1, NUCLEO-WL33CC2, STEVAL-PROTEUS1, STEVAL-SMARTAG2, STEVAL-STWINBX1, STM320518-EVAL, STM32C0116-DK, STM32C011D6Y3TR, STM32C011D6Y6TR, STM32C011F4P3, STM32C011F4P6, STM32C011F4U3, STM32C011F4U6TR, STM32C011F6P3, STM32C011F6P6, STM32C011F6U3, STM32C011F6U6TR, STM32C011J4M3, STM32C011J4M6, STM32C011J6M3, STM32C011J6M6, STM32C0316-DK, STM32C031C4T3, STM32C031C4T6, STM32C031C4U3, STM32C031C4U6, STM32C031C6T3, STM32C031C6T6, STM32C031C6U3, STM32C031C6U6, STM32C031F4P3, STM32C031F4P6, STM32C031F6P3, STM32C031F6P6, STM32C031G4U3, STM32C031G4U6, STM32C031G6U3, STM32C031G6U6, STM32C031K4T3, STM32C031K4T6, STM32C031K4U3, STM32C031K4U6, STM32C031K6T3, STM32C031K6T6, STM32C031K6U3, STM32C031K6U6, STM32C051C6T6, STM32C051C6U6, STM32C051C8T6, STM32C051C8U6, STM32C051D8Y6TR, STM32C051F6P6, STM32C051F8P6, STM32C051G6U6, STM32C051G8U6, STM32C051K6T6, STM32C051K6U6, STM32C051K8T6, STM32C071C8T6, STM32C071C8T6N, STM32C071C8U6, STM32C071C8U6N, STM32C071CBT6, STM32C071CBT6N, STM32C071CBU6, STM32C071CBU6N, STM32C071F8P6, STM32C071F8P6N, STM32C071FBP6, STM32C071FBP6N, STM32C071FBY6TR, STM32C071G8U6, STM32C071G8U6N, STM32C071GBU6, STM32C071GBU6N, STM32C071K8T6, STM32C071K8T6N, STM32C071K8U6, STM32C071K8U6N, STM32C071KBT6, STM32C071KBT6N, STM32C071KBU6, STM32C071KBU6N, STM32C071R8T6, STM32C071R8T6N, STM32C071RBI6N, STM32C071RBT6, STM32C071RBT6N, STM32C091CBT6, STM32C091CBU6, STM32C091CCT6, STM32C091CCU6, STM32C091ECY6TR, STM32C091FBP6, STM32C091FCP6, STM32C091GBU6, STM32C091GCU6, STM32C091KBT6, STM32C091KBU6, STM32C091KCT6, STM32C091KCU6, STM32C091RBT6, STM32C091RCI6, STM32C091RCT6, STM32C092CBT6, STM32C092CBU6, STM32C092CCT6, STM32C092CCU6, STM32C092ECY6TR, STM32C092FBP6, STM32C092FCP6, STM32C092GBU6, STM32C092GCU6, STM32C092KBT6, STM32C092KBU6, STM32C092KCT6, STM32C092KCU6, STM32C092RBT6, STM32C092RCI6, STM32C092RCT6, STM32G071K8TXN, STM32G071K8UXN, STM32G081GBU6N, STM32G081KBT6N, STM32G081KBUXN, STM32G0B1CCT6N, STM32G0B1KCT6, STM32G0B1NEY6TR, STM32G0B1RCT6N, STM32G0C1CCT6, STM32G0C1CCT6N, STM32G0C1CCU6N, STM32G0C1CET6N, STM32G0C1CEU6N, STM32G0C1KCT6, STM32G0C1NEY6TR, STM32G0C1RCI6N, STM32G0C1RCT6N, STM32G0C1REI6N, STM32G0C1RET6N, STM32G0C1VCI6, STM32G0C1VEI6, STM32G411C6T3, STM32G411C6T6, STM32G411C6U3, STM32G411C6U6, STM32G411C8T3, STM32G411C8T6, STM32G411C8U3, STM32G411C8U6, STM32G411CBT3, STM32G411CBT6, STM32G411CBU3, STM32G411CBU6, STM32G411CCT3, STM32G411CCT6, STM32G411CCU3, STM32G411CCU6, STM32G411K6T3, STM32G411K6T6, STM32G411K6U3, STM32G411K6U6, STM32G411K8T3, STM32G411K8T6, STM32G411K8U3, STM32G411K8U6, STM32G411KBT3, STM32G411KBT6, STM32G411KBU3, STM32G411KBU6, STM32G411M6T3, STM32G411M6T6, STM32G411M8T3, STM32G411M8T6, STM32G411MBT3, STM32G411MBT6, STM32G411MCT3, STM32G411MCT6, STM32G411R6T3, STM32G411R6T6, STM32G411R8T3, STM32G411R8T6, STM32G411RBT3, STM32G411RBT6, STM32G411RCT3, STM32G411RCT6, STM32G414CBT3, STM32G414CBT6, STM32G414CBU3, STM32G414CBU6, STM32G414CCT3, STM32G414CCT6, STM32G414CCU3, STM32G414CCU6, STM32G414MBT3, STM32G414MBT6, STM32G414MCT3, STM32G414MCT6, STM32G414RBT3, STM32G414RBT6, STM32G414RCT3, STM32G414RCT6, STM32G414VBT3, STM32G414VBT6, STM32G414VCT3, STM32G414VCT6, STM32G431CBT3Z, STM32G431RBT3Z, STM32G471CCT6, STM32G471CCU6, STM32G471CET3, STM32G471CET6, STM32G471CEU3, STM32G471CEU6, STM32G471MCT6, STM32G471MET3, STM32G471MET6, STM32G471MEY6TR, STM32G471QCT6, STM32G471QET3, STM32G471RCT6, STM32G471RET3, STM32G471RET6, STM32G471VCH6, STM32G471VCI6, STM32G471VCT6, STM32G471VEH3, STM32G471VEH6, STM32G471VEI3, STM32G471VEI6, STM32G471VET3, STM32G471VET6, STM32G473QET3Z, STM32G473RET3Z, STM32G474CCT6, STM32G491RET3Z, STM32H503CBT6, STM32H503CBU6, STM32H503EBY6TR, STM32H503KBU6, STM32H503RBT6, STM32H523CCT6, STM32H523CCU6, STM32H523CET6, STM32H523CEU6, STM32H523HEY6TR, STM32H523RCT6, STM32H523RET6, STM32H523VCI6, STM32H523VCT6, STM32H523VEI6, STM32H523VET6, STM32H523ZCJ6, STM32H523ZCT6, STM32H523ZEJ6, STM32H523ZET6, STM32H533CET6, STM32H533CEU6, STM32H533HEY6TR, STM32H533RET6, STM32H533VEI6, STM32H533VET6, STM32H533ZEJ6, STM32H533ZET6, STM32H562AGI6, STM32H562AII6, STM32H562IGK6, STM32H562IGT6, STM32H562IIK6, STM32H562IIT6, STM32H562RGT6, STM32H562RGV6, STM32H562RIT6, STM32H562RIV6, STM32H562VGT6, STM32H562VIT6, STM32H562ZGT6, STM32H562ZIT6, STM32H563AGI6, STM32H563AII3Q, STM32H563AII6, STM32H563IGK6, STM32H563IGT6, STM32H563IIK3Q, STM32H563IIK6, STM32H563IIT3Q, STM32H563IIT6, STM32H563MIY3QTR, STM32H563RGT6, STM32H563RGV6, STM32H563RIT6, STM32H563RIV6, STM32H563VGT6, STM32H563VIT3Q, STM32H563VIT6, STM32H563ZGT6, STM32H563ZIT3Q, STM32H563ZIT6, STM32H573AII3Q, STM32H573AII6, STM32H573I-DK, STM32H573IIK3Q, STM32H573IIK6, STM32H573IIT3Q, STM32H573IIT6, STM32H573MIY3QTR, STM32H573RIT6, STM32H573RIV6, STM32H573VIT3Q, STM32H573VIT6, STM32H573ZIT3Q, STM32H573ZIT6, STM32H7R3A8I6, STM32H7R3I8K6, STM32H7R3I8T6, STM32H7R3L8H6, STM32H7R3L8H6H, STM32H7R3R8V6, STM32H7R3V8H6, STM32H7R3V8T6, STM32H7R3V8Y6TR, STM32H7R3Z8J6, STM32H7R3Z8T6, STM32H7R7A8I6, STM32H7R7I8K6, STM32H7R7I8T6, STM32H7R7L8H6, STM32H7R7L8H6H, STM32H7R7Z8J6, STM32H7S3A8I6, STM32H7S3I8K6, STM32H7S3I8T6, STM32H7S3L8H6, STM32H7S3L8H6H, STM32H7S3R8V6, STM32H7S3V8H6, STM32H7S3V8T6, STM32H7S3V8Y6TR, STM32H7S3Z8J6, STM32H7S3Z8T6, STM32H7S78-DK, STM32H7S7A8I6, STM32H7S7I8K6, STM32H7S7I8T6, STM32H7S7L8H6, STM32H7S7L8H6H, STM32H7S7Z8J6, STM32L4R5QGI6STR, STM32MP131AAE3, STM32MP131AAF3, STM32MP131AAG3, STM32MP131CAE3, STM32MP131CAF3, STM32MP131CAG3, STM32MP131DAE7, STM32MP131DAF7, STM32MP131DAG7, STM32MP131FAE7, STM32MP131FAF7, STM32MP131FAG7, STM32MP133AAE3, STM32MP133AAF3, STM32MP133AAG3, STM32MP133CAE3, STM32MP133CAF3, STM32MP133CAG3, STM32MP133DAE7, STM32MP133DAF7, STM32MP133DAG7, STM32MP133FAE7, STM32MP133FAF7, STM32MP133FAG7, STM32MP135AAE3, STM32MP135AAF3, STM32MP135AAG3, STM32MP135CAE3, STM32MP135CAF3, STM32MP135CAG3, STM32MP135DAE7, STM32MP135DAF7, STM32MP135DAG7, STM32MP135F-DK, STM32MP135FAE7, STM32MP135FAF7, STM32MP135FAF7T, STM32MP135FAF7U, STM32MP135FAG7, STM32MP231AAJ3, STM32MP231AAK3, STM32MP231AAL3, STM32MP231CAJ3, STM32MP231CAK3, STM32MP231CAL3, STM32MP231DAJ3, STM32MP231DAK3, STM32MP231DAL3, STM32MP231FAJ3, STM32MP231FAK3, STM32MP231FAL3, STM32MP233AAJ3, STM32MP233AAK3, STM32MP233AAL3, STM32MP233CAJ3, STM32MP233CAK3, STM32MP233CAL3, STM32MP233DAJ3, STM32MP233DAK3, STM32MP233DAL3, STM32MP233FAJ3, STM32MP233FAK3, STM32MP233FAL3, STM32MP235AAJ3, STM32MP235AAK3, STM32MP235AAL3, STM32MP235CAJ3, STM32MP235CAK3, STM32MP235CAL3, STM32MP235DAJ3, STM32MP235DAK3, STM32MP235DAL3, STM32MP235FAJ3, STM32MP235FAK3, STM32MP235FAL3, STM32MP251AAI3, STM32MP251AAJ3, STM32MP251AAK3, STM32MP251AAL3, STM32MP251CAI3, STM32MP251CAJ3, STM32MP251CAK3, STM32MP251CAL3, STM32MP251DAI3, STM32MP251DAJ3, STM32MP251DAK3, STM32MP251DAL3, STM32MP251FAI3, STM32MP251FAJ3, STM32MP251FAK3, STM32MP251FAL3, STM32MP253AAI3, STM32MP253AAJ3, STM32MP253AAK3, STM32MP253AAL3, STM32MP253CAI3, STM32MP253CAJ3, STM32MP253CAK3, STM32MP253CAL3, STM32MP253DAI3, STM32MP253DAJ3, STM32MP253DAK3, STM32MP253DAL3, STM32MP253FAI3, STM32MP253FAJ3, STM32MP253FAK3, STM32MP253FAL3, STM32MP255AAI3, STM32MP255AAJ3, STM32MP255AAK3, STM32MP255AAL3, STM32MP255CAI3, STM32MP255CAJ3, STM32MP255CAK3, STM32MP255CAL3, STM32MP255DAI3, STM32MP255DAJ3, STM32MP255DAK3, STM32MP255DAL3, STM32MP255FAI3, STM32MP255FAJ3, STM32MP255FAK3, STM32MP255FAL3, STM32MP257AAI3, STM32MP257AAJ3, STM32MP257AAK3, STM32MP257AAL3, STM32MP257CAI3, STM32MP257CAJ3, STM32MP257CAK3, STM32MP257CAL3, STM32MP257DAI3, STM32MP257DAJ3, STM32MP257DAK3, STM32MP257DAL3, STM32MP257F-DK, STM32MP257F-EV1, STM32MP257FAI3, STM32MP257FAJ3, STM32MP257FAK3, STM32MP257FAL3, STM32N645A0H3Q, STM32N645B0H3Q, STM32N645I0H3Q, STM32N645L0H3Q, STM32N645X0H3Q, STM32N645Z0H3Q, STM32N647A0H3Q, STM32N647B0H3Q, STM32N647I0H3Q, STM32N647L0H3Q, STM32N647X0H3Q, STM32N647Z0H3Q, STM32N655A0H3Q, STM32N655B0H3Q, STM32N655I0H3Q, STM32N655L0H3Q, STM32N655X0H3Q, STM32N655Z0H3Q, STM32N6570-DK, STM32N657A0H3Q, STM32N657B0H3Q, STM32N657I0H3Q, STM32N657L0H3Q, STM32N657X0H3Q, STM32N657Z0H3Q, STM32U031C6T6, STM32U031C6U6, STM32U031C8T6, STM32U031C8U6, STM32U031F4P6, STM32U031F6P6, STM32U031F8P6, STM32U031G6Y6TR, STM32U031G8Y6TR, STM32U031K4U6, STM32U031K6U6, STM32U031K8U6, STM32U031R6I6, STM32U031R6T6, STM32U031R8I6, STM32U031R8T6, STM32U073C8T6, STM32U073C8U6, STM32U073CBT6, STM32U073CBU6, STM32U073CCT6, STM32U073CCU6, STM32U073H8Y6TR, STM32U073HBY6TR, STM32U073HCY6TR, STM32U073K8U6, STM32U073KBU6, STM32U073KCU6, STM32U073M8I6, STM32U073M8T6, STM32U073MBI6, STM32U073MBT6, STM32U073MCI6, STM32U073MCT6, STM32U073R8I6, STM32U073R8T6, STM32U073RBI6, STM32U073RBT6, STM32U073RCI6, STM32U073RCT6, STM32U083C-DK, STM32U083CCT6, STM32U083CCU6, STM32U083HCY6TR, STM32U083KCU6, STM32U083MCI6, STM32U083MCT6, STM32U083RCI6, STM32U083RCT6, STM32U375CET6, STM32U375CET6Q, STM32U375CEU6, STM32U375CEU6Q, STM32U375CEY6QTR, STM32U375CGT6, STM32U375CGT6Q, STM32U375CGU6, STM32U375CGU6Q, STM32U375CGY6QTR, STM32U375KEU6, STM32U375KGU6, STM32U375REI6, STM32U375REI6Q, STM32U375RET6, STM32U375RET6Q, STM32U375REY6GTR, STM32U375REY6QTR, STM32U375RGI6, STM32U375RGI6Q, STM32U375RGT6, STM32U375RGT6Q, STM32U375RGY6GTR, STM32U375RGY6QTR, STM32U375VEI6, STM32U375VEI6Q, STM32U375VET6, STM32U375VET6Q, STM32U375VGI6, STM32U375VGI6Q, STM32U375VGT6, STM32U375VGT6Q, STM32U385CGT6, STM32U385CGT6Q, STM32U385CGU6, STM32U385CGU6Q, STM32U385CGY6QTR, STM32U385KGU6, STM32U385RGI6, STM32U385RGI6Q, STM32U385RGT6, STM32U385RGT6Q, STM32U385RGY6GTR, STM32U385RGY6QTR, STM32U385VGI6, STM32U385VGI6Q, STM32U385VGT6, STM32U385VGT6Q, STM32U535CBT6, STM32U535CBT6Q, STM32U535CBU6, STM32U535CBU6Q, STM32U535CCT6, STM32U535CCT6Q, STM32U535CCU6, STM32U535CCU6Q, STM32U535CET6, STM32U535CET6Q, STM32U535CEU6, STM32U535CEU6Q, STM32U535JEY6QTR, STM32U535NCY6QTR, STM32U535NEY6QTR, STM32U535RBI6, STM32U535RBI6Q, STM32U535RBT6, STM32U535RBT6Q, STM32U535RCI6, STM32U535RCI6Q, STM32U535RCT6, STM32U535RCT6Q, STM32U535REI6, STM32U535REI6Q, STM32U535RET6, STM32U535RET6Q, STM32U535VCI6, STM32U535VCI6Q, STM32U535VCT6, STM32U535VCT6Q, STM32U535VEI6, STM32U535VEI6Q, STM32U535VET6, STM32U535VET6Q, STM32U545CET6, STM32U545CET6Q, STM32U545CEU6, STM32U545CEU6Q, STM32U545JEY6QTR, STM32U545NEY6QTR, STM32U545REI6, STM32U545REI6Q, STM32U545RET6, STM32U545RET6Q, STM32U545VEI6, STM32U545VEI6Q, STM32U545VET6, STM32U545VET6Q, STM32U595AIH6, STM32U595AIH6Q, STM32U595AJH6, STM32U595AJH6Q, STM32U595QII6, STM32U595QII6Q, STM32U595QJI6, STM32U595QJI6Q, STM32U595RIT6, STM32U595RIT6Q, STM32U595RJT6, STM32U595RJT6Q, STM32U595VIT6, STM32U595VIT6Q, STM32U595VJT6, STM32U595VJT6Q, STM32U595ZIT6, STM32U595ZIT6Q, STM32U595ZIY6QTR, STM32U595ZJT6, STM32U595ZJT6Q, STM32U595ZJY6QTR, STM32U599BJY6QTR, STM32U599NIH6Q, STM32U599NJH6Q, STM32U599VIT6Q, STM32U599VJT6, STM32U599VJT6Q, STM32U599ZIT6Q, STM32U599ZIY6QTR, STM32U599ZJT6Q, STM32U599ZJY6QTR, STM32U5A5AJH6, STM32U5A5AJH6Q, STM32U5A5QII3Q , STM32U5A5QJI6, STM32U5A5QJI6Q, STM32U5A5RJT6, STM32U5A5RJT6Q, STM32U5A5VJT6, STM32U5A5VJT6Q, STM32U5A5ZJT6, STM32U5A5ZJT6Q, STM32U5A5ZJY6QTR, STM32U5A9BJY6QTR, STM32U5A9J-DK, STM32U5A9NJH6Q, STM32U5A9VJT6Q, STM32U5A9ZJT6Q, STM32U5A9ZJY6QTR, STM32U5F7VIT6, STM32U5F7VIT6Q, STM32U5F7VJT6, STM32U5F7VJT6Q, STM32U5F9BJY6QTR, STM32U5F9NJH6Q, STM32U5F9VIT6Q, STM32U5F9VJT6Q, STM32U5F9ZIJ6QTR, STM32U5F9ZIT6Q, STM32U5F9ZJJ6QTR, STM32U5F9ZJT6Q, STM32U5G7VJT6, STM32U5G7VJT6Q, STM32U5G9BJY6QTR, STM32U5G9J-DK1, STM32U5G9J-DK2, STM32U5G9NJH6Q, STM32U5G9VJT6Q, STM32U5G9ZJJ6QTR, STM32U5G9ZJT6Q, STM32WB05KZV6TR, STM32WB05KZV7TR, STM32WB05TZF6TR, STM32WB05TZF7TR, STM32WB06CCF6TR, STM32WB06CCF7TR, STM32WB06CCV6TR, STM32WB06CCV7TR, STM32WB06KCV6TR, STM32WB06KCV7TR, STM32WB07CCF6TR, STM32WB07CCF7TR, STM32WB07CCV6TR, STM32WB07CCV7TR, STM32WB07KCV6TR, STM32WB07KCV7TR, STM32WB09KEV6TR, STM32WB09KEV7TR, STM32WB09TEF6TR, STM32WB09TEF7TR, STM32WB1MMCH6, STM32WBA50KGU6, STM32WBA50KGU6TR, STM32WBA52CEU6, STM32WBA52CEU6TR, STM32WBA52CEU7, STM32WBA52CEU7TR, STM32WBA52CGU6, STM32WBA52CGU6TR, STM32WBA52CGU6U, STM32WBA52CGU7, STM32WBA52CGU7TR, STM32WBA52KEU6, STM32WBA52KEU6TR, STM32WBA52KGU6, STM32WBA52KGU6TR, STM32WBA54CEU6, STM32WBA54CEU6TR, STM32WBA54CEU7, STM32WBA54CEU7TR, STM32WBA54CGU6, STM32WBA54CGU6TR, STM32WBA54CGU7, STM32WBA54CGU7TR, STM32WBA54KEU6, STM32WBA54KEU6TR, STM32WBA54KEU7, STM32WBA54KEU7TR, STM32WBA54KGU6, STM32WBA54KGU6TR, STM32WBA54KGU7, STM32WBA54KGU7TR, STM32WBA55CEU6, STM32WBA55CEU6TR, STM32WBA55CEU7, STM32WBA55CEU7TR, STM32WBA55CGU6, STM32WBA55CGU6TR, STM32WBA55CGU6U, STM32WBA55CGU7, STM32WBA55CGU7TR, STM32WBA55G-DK1, STM32WBA55HEF6, STM32WBA55HEF7, STM32WBA55HGF6, STM32WBA55HGF7, STM32WBA55UEI6, STM32WBA55UEI6TR, STM32WBA55UEI7, STM32WBA55UEI7TR, STM32WBA55UGI6, STM32WBA55UGI6TR, STM32WBA55UGI7, STM32WBA55UGI7TR, STM32WBA5MJGH6TR, STM32WBA62CGU6, STM32WBA62CIU6, STM32WBA62MGF6, STM32WBA62MIF6, STM32WBA62PGI6, STM32WBA62PII6, STM32WBA63CGU6, STM32WBA63CGU7, STM32WBA63CIU6, STM32WBA63CIU7, STM32WBA64CGU6, STM32WBA64CGU7, STM32WBA64CIU6, STM32WBA64CIU7, STM32WBA65CGU6, STM32WBA65CGU7, STM32WBA65CIU6, STM32WBA65CIU7, STM32WBA65I-DK1, STM32WBA65MGF6, STM32WBA65MGF7, STM32WBA65MIF6, STM32WBA65MIF7, STM32WBA65PGI6, STM32WBA65PGI7, STM32WBA65PII6, STM32WBA65PII7, STM32WBA65RGV6, STM32WBA65RGV7, STM32WBA65RIV6, STM32WBA65RIV7, STM32WL30K8V6, STM32WL30KBV6, STM32WL31C8V6, STM32WL31CBV6, STM32WL31K8V6, STM32WL31KBV6, STM32WL33C8V6, STM32WL33C8V6TR, STM32WL33C8V7, STM32WL33C8V7TR, STM32WL33CBV6, STM32WL33CBV6TR, STM32WL33CBV7, STM32WL33CBV7TR, STM32WL33CCV6, STM32WL33CCV6TR, STM32WL33CCV7, STM32WL33CCV7A, STM32WL33CCV7ATR, STM32WL33CCV7TR, STM32WL33K8V6, STM32WL33K8V6TR, STM32WL33K8V7, STM32WL33K8V7TR, STM32WL33KBV6, STM32WL33KBV6TR, STM32WL33KBV7, STM32WL33KBV7TR, STM32WL33KCV6, STM32WL33KCV6TR, STM32WL33KCV7, STM32WL33KCV7TR, STM32WL5MOCH6, STM32WL5MOCH6TR]
2025-03-28 17:37:08,740 [INFO] BoardInfo:889 - No configuration file found for board P-NUCLEO-WB55
2025-03-28 17:37:08,740 [INFO] DbBoards:161 - Kit is not supported: P-NUCLEO-WB55
2025-03-28 17:37:08,742 [INFO] BoardInfo:889 - No configuration file found for board STEVAL-BFA001V1B
2025-03-28 17:37:08,742 [INFO] DbBoards:161 - Kit is not supported: STEVAL-BFA001V1B
2025-03-28 17:37:08,742 [INFO] BoardInfo:889 - No configuration file found for board STEVAL-BFA001V2B
2025-03-28 17:37:08,742 [INFO] DbBoards:161 - Kit is not supported: STEVAL-BFA001V2B
2025-03-28 17:37:08,790 [INFO] DbBoards:168 - Found 211 boards, 208 are supported
2025-03-28 17:37:08,790 [INFO] DbBoards:169 - Found 211 boards, 43 of them is supported for  Bsp
2025-03-28 17:37:08,792 [INFO] ApiDb:414 - User favorites file not found: /home/lapka/.stm32cubeide/favorites.boards.txt
2025-03-28 17:37:08,792 [INFO] DbBoards:198 - Set 0 / 0 favorites Boards
2025-03-28 17:37:08,794 [INFO] ApiDb:668 - CubeFinder database Data Model version=2.1
2025-03-28 17:37:08,794 [INFO] ApiDb:669 - CubeFinder database Configuration version=3.0.39
2025-03-28 17:37:08,794 [INFO] ApiDb:670 - CubeFinder database generation date=2025-03-24 (1742811287)
2025-03-28 17:37:08,794 [INFO] ApiDb:671 - CubeFinder database FW Pack versions=[FP-ATR-ASTRA1_V2.0.0, FP-SNS-FLIGHT1_V5.0.2, FP-SNS-MOTENV1_V5.0.0, FP-SNS-MOTENVWB1_V1.4.0, FP-SNS-SMARTAG2_V1.2.0, FP-SNS-STBOX1_V2.0.0, STM32Cube_FW_C0_V1.4.0, STM32Cube_FW_F4_V1.28.1, STM32Cube_FW_F7_V1.17.2, STM32Cube_FW_G0_V1.6.2, STM32Cube_FW_G4_V1.6.1, STM32Cube_FW_H5_V1.5.0, STM32Cube_FW_H7RS_V1.2.0, STM32Cube_FW_H7_V1.12.1, STM32Cube_FW_L0_V1.12.2, STM32Cube_FW_L4_V1.18.1, STM32Cube_FW_L5_V1.5.1, STM32Cube_FW_N6_V1.1.0, STM32Cube_FW_U0_V1.2.0, STM32Cube_FW_U3_V1.1.0, STM32Cube_FW_U5_V1.7.0, STM32Cube_FW_WB0_V1.2.0, STM32Cube_FW_WBA_V1.6.0, STM32Cube_FW_WB_V1.22.0, STM32Cube_FW_WL3_V1.1.0, STM32Cube_FW_WL_V1.3.1, X-CUBE-ALGOBUILD_V1.4.0, X-CUBE-ALS_V1.0.2, X-CUBE-AZRTOS-F4_V1.1.0, X-CUBE-AZRTOS-F7_V1.1.0, X-CUBE-AZRTOS-G0_V1.1.0, X-CUBE-AZRTOS-G4_V2.0.0, X-CUBE-AZRTOS-H7RS_V1.0.0, X-CUBE-AZRTOS-H7_V3.3.0, X-CUBE-AZRTOS-L4_V2.0.0, X-CUBE-AZRTOS-L5_V2.0.0, X-CUBE-AZRTOS-WB_V2.0.0, X-CUBE-AZRTOS-WL_V2.0.0, X-CUBE-BLE1_V7.1.0, X-CUBE-BLE2_V3.3.0, X-CUBE-BLEMGR_V4.0.0, X-CUBE-EEPRMA1_V5.1.0, X-CUBE-FREERTOS_V1.3.0, X-CUBE-GNSS1_V6.0.0, X-CUBE-MEMS1_V11.1.0, X-CUBE-NFC4_V3.0.0, X-CUBE-NFC7_V1.0.1, X-CUBE-SFXS2LP1_V4.0.0, X-CUBE-SUBG2_V5.0.0, X-CUBE-TOF1_V3.4.2]
2025-03-28 17:37:09,152 [ERROR] DbExamplesSqlite:437 - Missing JSON key: board_cpn
2025-03-28 17:37:09,152 [ERROR] DbExamplesSqlite:437 - Missing JSON key: board_cpn
2025-03-28 17:37:09,152 [ERROR] DbExamplesSqlite:437 - Missing JSON key: board_cpn
2025-03-28 17:37:09,152 [ERROR] DbExamplesSqlite:437 - Missing JSON key: board_cpn
2025-03-28 17:37:09,210 [ERROR] DbExamplesSqlite:437 - Missing JSON key: board_cpn
2025-03-28 17:37:09,211 [ERROR] DbExamplesSqlite:437 - Missing JSON key: board_cpn
2025-03-28 17:37:09,211 [ERROR] DbExamplesSqlite:437 - Missing JSON key: board_cpn
2025-03-28 17:37:09,211 [ERROR] DbExamplesSqlite:437 - Missing JSON key: board_cpn
2025-03-28 17:37:09,211 [ERROR] DbExamplesSqlite:437 - Missing JSON key: board_cpn
2025-03-28 17:37:09,211 [ERROR] DbExamplesSqlite:437 - Missing JSON key: board_cpn
2025-03-28 17:37:09,211 [ERROR] DbExamplesSqlite:437 - Missing JSON key: board_cpn
2025-03-28 17:37:09,211 [ERROR] DbExamplesSqlite:437 - Missing JSON key: board_cpn
2025-03-28 17:37:09,211 [ERROR] DbExamplesSqlite:437 - Missing JSON key: board_cpn
2025-03-28 17:37:09,284 [ERROR] DbExamplesSqlite:437 - Missing JSON key: board_cpn
2025-03-28 17:37:09,289 [INFO] DbExamplesSqlite:395 - Ignored 46 examples not supported by CubeIDE
2025-03-28 17:37:09,289 [INFO] DbExamplesSqlite:396 - Found 10814 examples active
2025-03-28 17:37:09,289 [INFO] DbExamplesSqlite:397 - Found 0 examples obsolete
2025-03-28 17:37:09,289 [INFO] DbExamplesSqlite:398 - Found 0 examples under development
2025-03-28 17:37:09,289 [INFO] DbExamplesSqlite:399 - Found 79 examples not building
2025-03-28 17:37:09,291 [INFO] DbExamples:125 - Found 10847 examples
2025-03-28 17:37:09,308 [ERROR] DbExamples:208 - Found 3 examples with invalid data (board or MCU)
2025-03-28 17:37:09,308 [INFO] DbExamples:222 - Found 134 boards with related examples
2025-03-28 17:37:09,309 [INFO] DbExamples:235 - Found 110 MCUs with related examples
2025-03-28 17:37:09,329 [INFO] ApiDb:414 - User favorites file not found: /home/lapka/.stm32cubeide/favorites.examples.txt
2025-03-28 17:37:09,330 [INFO] DbExamples:250 - Set 0 / 0 favorites Examples
2025-03-28 17:37:09,391 [INFO] McuFinderGlobals:76 - Set McuFinderConnectedMode to true
2025-03-28 17:37:09,396 [INFO] MultiScanPanel:200 - Auto-refresh data requested => check proxy status ongoing
2025-03-28 17:37:09,398 [INFO] FinderPluginLoader:95 - Searching for filters in installed packs
2025-03-28 17:37:10,266 [INFO] LoadUrlFilesThread:185 - End of LoadServerUrlFiles without Thread
2025-03-28 17:37:10,294 [INFO] DetailPanel:341 - Set advertising image to /home/lapka/STM32Cube/Repository//en.prom-stm32u3-mcu-finder.jpg
2025-03-28 17:37:31,353 [INFO] MultiScanPanel:200 - Auto-refresh data requested => check proxy status ongoing
2025-03-28 17:37:31,423 [INFO] LoadUrlFilesThread:185 - End of LoadServerUrlFiles without Thread
2025-03-28 17:37:31,423 [INFO] DetailPanel:341 - Set advertising image to /home/lapka/STM32Cube/Repository//en.prom-stm32u3-mcu-finder.jpg
2025-03-28 17:37:31,430 [INFO] DbBoards:642 - Loading board mini-images...
2025-03-28 17:37:31,476 [ERROR] DbBoards:659 - Image file not found for board B-WBA5M-WPAN: /home/lapka/.stmcufinder/plugins/mcufinder//mcu//boards_images/B-WBA5M-WPAN.jpg
2025-03-28 17:37:32,709 [INFO] DbBoards:665 - Loaded 210 board mini-images
2025-03-28 17:39:01,666 [INFO] McuFinderGlobals:76 - Set McuFinderConnectedMode to true
2025-03-28 17:39:01,972 [INFO] ApiDb:448 - Save user favorites file /home/lapka/.stm32cubeide/favorites.mcus.txt: 0 item(s)
2025-03-28 17:39:01,973 [INFO] ApiDb:452 - User favorites MCUs=[]
2025-03-28 17:39:01,973 [INFO] ApiDb:448 - Save user favorites file /home/lapka/.stm32cubeide/favorites.boards.txt: 0 item(s)
2025-03-28 17:39:01,973 [INFO] ApiDb:452 - User favorites Boards=[]
2025-03-28 17:40:13,290 [INFO] MainUpdater:2872 - connection check result : 10
2025-03-28 17:40:13,366 [INFO] McuFinderGlobals:76 - Set McuFinderConnectedMode to true
2025-03-28 17:40:13,366 [INFO] MultiScanPanel:200 - Auto-refresh data requested => check proxy status ongoing
2025-03-28 17:40:13,366 [INFO] FinderPluginLoader:95 - Searching for filters in installed packs
2025-03-28 17:40:13,738 [INFO] LoadUrlFilesThread:185 - End of LoadServerUrlFiles without Thread
2025-03-28 17:40:13,738 [INFO] DetailPanel:341 - Set advertising image to /home/lapka/STM32Cube/Repository//en.prom-stm32u3-mcu-finder.jpg
2025-03-28 17:40:16,896 [INFO] ApiDb:581 - Connected to CubeFinder SQLite database (/home/lapka/.stmcufinder/plugins/mcufinder/mcu/cube-finder-db.db)
2025-03-28 17:40:19,434 [ERROR] LogOutputStream:75 - [STDERR_REDIRECT] java.net.MalformedURLException: unknown protocol: ccc
2025-03-28 17:40:19,434 [ERROR] LogOutputStream:75 - [STDERR_REDIRECT] 	at java.base/java.net.URL.<init>(URL.java:779)
2025-03-28 17:40:19,434 [ERROR] LogOutputStream:75 - [STDERR_REDIRECT] 	at java.base/java.net.URL.<init>(URL.java:654)
2025-03-28 17:40:19,435 [ERROR] LogOutputStream:75 - [STDERR_REDIRECT] 	at java.base/java.net.URL.<init>(URL.java:590)
2025-03-28 17:40:19,435 [ERROR] LogOutputStream:75 - [STDERR_REDIRECT] 	at com.st.microxplorer.mcufinder.gui.selector.DetailPanel$1.mouseClicked(DetailPanel.java:245)
2025-03-28 17:40:19,435 [ERROR] LogOutputStream:75 - [STDERR_REDIRECT] 	at java.desktop/java.awt.Component.processMouseEvent(Component.java:6624)
2025-03-28 17:40:19,435 [ERROR] LogOutputStream:75 - [STDERR_REDIRECT] 	at java.desktop/javax.swing.JComponent.processMouseEvent(JComponent.java:3398)
2025-03-28 17:40:19,435 [ERROR] LogOutputStream:75 - [STDERR_REDIRECT] 	at java.desktop/java.awt.Component.processEvent(Component.java:6386)
2025-03-28 17:40:19,435 [ERROR] LogOutputStream:75 - [STDERR_REDIRECT] 	at java.desktop/java.awt.Container.processEvent(Container.java:2266)
2025-03-28 17:40:19,435 [ERROR] LogOutputStream:75 - [STDERR_REDIRECT] 	at java.desktop/java.awt.Component.dispatchEventImpl(Component.java:4996)
2025-03-28 17:40:19,435 [ERROR] LogOutputStream:75 - [STDERR_REDIRECT] 	at java.desktop/java.awt.Container.dispatchEventImpl(Container.java:2324)
2025-03-28 17:40:19,435 [ERROR] LogOutputStream:75 - [STDERR_REDIRECT] 	at java.desktop/java.awt.Component.dispatchEvent(Component.java:4828)
2025-03-28 17:40:19,435 [ERROR] LogOutputStream:75 - [STDERR_REDIRECT] 	at java.desktop/java.awt.LightweightDispatcher.retargetMouseEvent(Container.java:4948)
2025-03-28 17:40:19,435 [ERROR] LogOutputStream:75 - [STDERR_REDIRECT] 	at java.desktop/java.awt.LightweightDispatcher.processMouseEvent(Container.java:4584)
2025-03-28 17:40:19,435 [ERROR] LogOutputStream:75 - [STDERR_REDIRECT] 	at java.desktop/java.awt.LightweightDispatcher.dispatchEvent(Container.java:4516)
2025-03-28 17:40:19,435 [ERROR] LogOutputStream:75 - [STDERR_REDIRECT] 	at java.desktop/java.awt.Container.dispatchEventImpl(Container.java:2310)
2025-03-28 17:40:19,436 [ERROR] LogOutputStream:75 - [STDERR_REDIRECT] 	at java.desktop/java.awt.Component.dispatchEvent(Component.java:4828)
2025-03-28 17:40:19,436 [ERROR] LogOutputStream:75 - [STDERR_REDIRECT] 	at java.desktop/java.awt.EventQueue.dispatchEventImpl(EventQueue.java:775)
2025-03-28 17:40:19,436 [ERROR] LogOutputStream:75 - [STDERR_REDIRECT] 	at java.desktop/java.awt.EventQueue$4.run(EventQueue.java:720)
2025-03-28 17:40:19,436 [ERROR] LogOutputStream:75 - [STDERR_REDIRECT] 	at java.desktop/java.awt.EventQueue$4.run(EventQueue.java:714)
2025-03-28 17:40:19,436 [ERROR] LogOutputStream:75 - [STDERR_REDIRECT] 	at java.base/java.security.AccessController.doPrivileged(AccessController.java:400)
2025-03-28 17:40:19,436 [ERROR] LogOutputStream:75 - [STDERR_REDIRECT] 	at java.base/java.security.ProtectionDomain$JavaSecurityAccessImpl.doIntersectionPrivilege(ProtectionDomain.java:87)
2025-03-28 17:40:19,436 [ERROR] LogOutputStream:75 - [STDERR_REDIRECT] 	at java.base/java.security.ProtectionDomain$JavaSecurityAccessImpl.doIntersectionPrivilege(ProtectionDomain.java:98)
2025-03-28 17:40:19,436 [ERROR] LogOutputStream:75 - [STDERR_REDIRECT] 	at java.desktop/java.awt.EventQueue$5.run(EventQueue.java:747)
2025-03-28 17:40:19,436 [ERROR] LogOutputStream:75 - [STDERR_REDIRECT] 	at java.desktop/java.awt.EventQueue$5.run(EventQueue.java:745)
2025-03-28 17:40:19,436 [ERROR] LogOutputStream:75 - [STDERR_REDIRECT] 	at java.base/java.security.AccessController.doPrivileged(AccessController.java:400)
2025-03-28 17:40:19,436 [ERROR] LogOutputStream:75 - [STDERR_REDIRECT] 	at java.base/java.security.ProtectionDomain$JavaSecurityAccessImpl.doIntersectionPrivilege(ProtectionDomain.java:87)
2025-03-28 17:40:19,436 [ERROR] LogOutputStream:75 - [STDERR_REDIRECT] 	at java.desktop/java.awt.EventQueue.dispatchEvent(EventQueue.java:744)
2025-03-28 17:40:19,437 [ERROR] LogOutputStream:75 - [STDERR_REDIRECT] 	at java.desktop/java.awt.EventDispatchThread.pumpOneEventForFilters(EventDispatchThread.java:203)
2025-03-28 17:40:19,437 [ERROR] LogOutputStream:75 - [STDERR_REDIRECT] 	at java.desktop/java.awt.EventDispatchThread.pumpEventsForFilter(EventDispatchThread.java:124)
2025-03-28 17:40:19,437 [ERROR] LogOutputStream:75 - [STDERR_REDIRECT] 	at java.desktop/java.awt.EventDispatchThread.pumpEventsForHierarchy(EventDispatchThread.java:113)
2025-03-28 17:40:19,437 [ERROR] LogOutputStream:75 - [STDERR_REDIRECT] 	at java.desktop/java.awt.EventDispatchThread.pumpEvents(EventDispatchThread.java:109)
2025-03-28 17:40:19,437 [ERROR] LogOutputStream:75 - [STDERR_REDIRECT] 	at java.desktop/java.awt.EventDispatchThread.pumpEvents(EventDispatchThread.java:101)
2025-03-28 17:40:19,437 [ERROR] LogOutputStream:75 - [STDERR_REDIRECT] 	at java.desktop/java.awt.EventDispatchThread.run(EventDispatchThread.java:90)
2025-03-28 17:40:21,354 [INFO] MultiScanPanel:200 - Auto-refresh data requested => check proxy status ongoing
2025-03-28 17:40:21,381 [INFO] LoadUrlFilesThread:185 - End of LoadServerUrlFiles without Thread
2025-03-28 17:40:21,381 [INFO] DetailPanel:341 - Set advertising image to /home/lapka/STM32Cube/Repository//en.prom-stm32u3-mcu-finder.jpg
2025-03-28 17:40:59,925 [INFO] WebApp:194 - Connection lost
2025-03-28 17:41:00,098 [INFO] WebApp:191 - Connection restablished
2025-03-28 17:46:07,365 [INFO] WebApp:194 - Connection lost
2025-03-28 17:46:07,848 [INFO] WebApp:191 - Connection restablished
2025-03-28 17:51:14,078 [INFO] McuFinderGlobals:76 - Set McuFinderConnectedMode to true
2025-03-28 17:51:14,287 [INFO] ApiDb:448 - Save user favorites file /home/lapka/.stm32cubeide/favorites.mcus.txt: 0 item(s)
2025-03-28 17:51:14,287 [INFO] ApiDb:452 - User favorites MCUs=[]
2025-03-28 17:51:14,290 [INFO] ApiDb:448 - Save user favorites file /home/lapka/.stm32cubeide/favorites.boards.txt: 0 item(s)
2025-03-28 17:51:14,290 [INFO] ApiDb:452 - User favorites Boards=[]
2025-03-28 17:51:18,176 [ERROR] LogOutputStream:75 - [STDERR_REDIRECT] 
